TASKING DSP2410 assembler v1.5r1 Build 138 SN 00100122
                                                                                                                            Page   1
C:\STMP3XXX_SDK_FIRMWARE_320_finalfix\devicedriver\media\smartmedia\bootmanager\common\stackmem.asm
M:ADDR CODE           CYCLES LINE SOURCELINE
                                1 ;///////////////////////////////////////////////////////////////////////////////
                                2 ;  Copyright(C) SigmaTel, Inc. 2002-2003
                                3 ;
                                4 ;  File        : stackmem.asm
                                5 ;  Description : Data Stack memory for BOOTROM
                                6 ;///////////////////////////////////////////////////////////////////////////////
                                7 
                                8     section SYSFUN_StackMem
                                9 
                               10 ;///////////////////////////////////////////////////////////////////////////////
                               11 ;   Macros
                               12 ;///////////////////////////////////////////////////////////////////////////////
                               13 
                               14 ;///////////////////////////////////////////////////////////////////////////////
                               15 ;   Includes
                               16 ;///////////////////////////////////////////////////////////////////////////////
                               17 
                               18 ;///////////////////////////////////////////////////////////////////////////////
                               19 ;   External Definitions
                               20 ;///////////////////////////////////////////////////////////////////////////////
                               21 
                               22 
                               23 
                               24     ;Y Variables
                               25     global  L1DataStack
                               26     global  L1Sp
                               27 
                               28 ;///////////////////////////////////////////////////////////////////////////////
                               29 ;   External References
                               30 ;///////////////////////////////////////////////////////////////////////////////
                               31 
                               32 ;///////////////////////////////////////////////////////////////////////////////
                               33 ;   Equates
                               34 ;///////////////////////////////////////////////////////////////////////////////
                               35         
                               36 
                               37 ;///////////////////////////////////////////////////////////////////////////////
                               38 ;   X Memory
                               39 ;///////////////////////////////////////////////////////////////////////////////
                               40 
X:0000                         41     org     x,"SYSFUN_StackMem_X":
                               42 
X:0000 RESERVED                43 L1Sp            ds      1
X:0000
                               44 
                               45 STACK_L1_SIZE equ 125
                               46 
                               47 
                               48 L1DataStack
X:0001                         49     ds      STACK_L1_SIZE
   |   RESERVED                   
X:007D
                               50 
                               51 ;///////////////////////////////////////////////////////////////////////////////
                               52 ;   Y Memory
                               53 ;///////////////////////////////////////////////////////////////////////////////
                               54 
Y:0000                         55     org     y,"SYSFUN_StackMem_Y":
                               56 
                               57 
                               58 
                               59 
TASKING DSP2410 assembler v1.5r1 Build 138 SN 00100122
                                                                                                                            Page   2

M:ADDR CODE           CYCLES LINE SOURCELINE
                               60     endsec
                               61 
