TASKING DSP2410 assembler v1.5r1 Build 138 SN 00100122
                                                                                                                                                                                                                                                       Page   1
C:\STMP3XXX_SDK_FIRMWARE_320_finalfix\algorithms\common\bitstreamdec.asm
M:ADDR CODE           CYCLES LINE SOURCELINE
                                1 ;;***********************************************************************
                                2 ;SigmaTel, Inc
                                3 ;$Archive: $
                                4 ;$Revision:  $
                                5 ;$Date: $
                                6 ;Description:  Bit stream parsing functions for Decoder buffers
                                7 ;               
                                8 ;               
                                9 ;***********************************************************************/
                               11     section ADPCM_BitStream_Decoder
                               13 ;*********************************************************************************
                               14 ;       Include Files
                               15 ;
                               16 ;*********************************************************************************
                               17     include "const.xref"
                                1 ;******************************************************************************
                                2 ; Copyright(C) SigmaTel, Inc. 2000
                                3 ;
                                4 ; ST Mp3 const.EXTERN 
                                5 ;******************************************************************************
                                7    DEFINE   const_xref  '1'
                               42     ; Parthus compatability
                               18     include "sysmacro.asm"
                                1 ;///////////////////////////////////////////////////////////////////////////////
                                2 ;  Copyright(C) SigmaTel, Inc. 2000-2001
                                3 ;
                                4 ;  File        : sysmacro.asm
                                5 ;  Description : Misc System Macros
                                6 ;///////////////////////////////////////////////////////////////////////////////
                                8     define   SysMacro_asm    '1'
                               10     page    255,255,0
                               12 ;///////////////////////////////////////////////////////////////////////////////
                               13 ;   Macros
                               14 ;///////////////////////////////////////////////////////////////////////////////
                               16 ;///////////////////////////////////////////////////////////////////////////////
                               17 ;   Includes
                               18 ;///////////////////////////////////////////////////////////////////////////////
                               20 ;///////////////////////////////////////////////////////////////////////////////
                               21 ;   External Definitions
                               22 ;///////////////////////////////////////////////////////////////////////////////
                               24 ;///////////////////////////////////////////////////////////////////////////////
                               25 ;   External References
                               26 ;///////////////////////////////////////////////////////////////////////////////
                               28 ;///////////////////////////////////////////////////////////////////////////////
                               29 ;   Equates
                               30 ;///////////////////////////////////////////////////////////////////////////////
                               31         
                               32 ;///////////////////////////////////////////////////////////////////////////////
                               33 ;   X Memory
                               34 ;///////////////////////////////////////////////////////////////////////////////
                               35         
                               36 ;///////////////////////////////////////////////////////////////////////////////
                               37 ;   Y Memory
                               38 ;///////////////////////////////////////////////////////////////////////////////
                               39         
                               40 ;///////////////////////////////////////////////////////////////////////////////
                               41 ;   P Memory
                               42 ;///////////////////////////////////////////////////////////////////////////////
                               44 ;///////////////////////////////////////////////////////////////////////////////
                               45 ;
                               46 ;>  Name:           push
                               47 ;
                               48 ;   Type:           Macro
                               49 ;
                               50 ;   Description:    Push a 24-bit value onto the data stack
                               51 ;
                               52 ;   Inputs:         Usage : push reg
                               53 ;                   reg = any core register that is 24-bits or less
                               54 ;
                               55 ;   Outputs:        none
                               56 ;                   
                               57 ;   Notes:          For every push, there must be a corresponding pop to keep
                               58 ;                   data stack balanced.
                               59 ;
                               60 ;   SeeAlso:        pop
                               61 ;<
                               62 ;///////////////////////////////////////////////////////////////////////////////
                               63 push    macro   reg
                               64     move    reg,y:(r7)+
                               65     endm
                               67 ;///////////////////////////////////////////////////////////////////////////////
                               68 ;
                               69 ;>  Name:           pop
                               70 ;
                               71 ;   Type:           Macro
                               72 ;
                               73 ;   Description:    Pop a 24-bit value from the data stack
                               74 ;
                               75 ;   Inputs:         Usage : pop reg
                               76 ;                   reg = any core register that is 24-bits or less
                               77 ;
                               78 ;   Outputs:        none
                               79 ;                   
                               80 ;   Notes:          For every pop, there must be a corresponding push to keep
                               81 ;                   data stack balanced.
                               82 ;
                               83 ;   SeeAlso:        push
                               84 ;<
                               85 ;///////////////////////////////////////////////////////////////////////////////
                               86 pop     macro   reg
                               87     move    y:-(r7),reg
                               88     endm
                               90 ;///////////////////////////////////////////////////////////////////////////////
                               91 ;
                               92 ;>  Name:           CallFunclet
                               93 ;
                               94 ;   Type:           Macro
                               95 ;
                               96 ;   Description:    Loads and Executes the funclet defined by the Resource argument
                               97 ;
                               98 ;   Inputs:         Resource = Resource number for the specific funclet.
                               99 ;
                              100 ;   Outputs:        none
                              101 ;                   
                              102 ;   Notes:          Jumps to SysCallFunclet.   TODO: change to a label instead of hard addresses like $80
                              103 ;<
                              104 ;///////////////////////////////////////////////////////////////////////////////
                              105 ; if ((@DEF('STMP_BUILD_PLAYER'))||(@DEF('PLAYER'))) ; sdk3.110 and before did this. 3.120 add short jump for mtp.
                              107 CallFunclet   macro Resource
                              108     jsr       $80
                              109     DC       Resource  ; 1 word
                              110  endm    
                              111 CallFunclet2   macro Resource
                              112  if ((@DEF('STMP_BUILD_PLAYER'))||(@DEF('PLAYER')))
                              113     jsr       $82
                              114     DC       Resource  ; 1 word
                              115  else ;;; MTP
                              116     jsr       $80
                              117     DC       Resource  ; 1 word
                              118  endif
                              119     endm    
                              130 ;///////////////////////////////////////////////////////////////////////////////
                              131 ;
                              132 ;>  Name:           error
                              133 ;
                              134 ;   Type:           Macro
                              135 ;
                              136 ;   Description:    Fatal system error macro.  This macro works in conjunction
                              137 ;                   with contents of syserror.asm.  Depending upon the build
                              138 ;                   arguments DEBUG, BETA, or RETAIL, this will either produce
                              139 ;                   a "debug" statement or a JMP to an error handling reset routine.
                              140 ;
                              141 ;   Inputs:         none 
                              142 ;   Outputs:        none                   
                              143 ;   Notes:          Can use debugOrContinue or ccerror for conditional halts. 
                              144 ;                   SystemHalt() C macro uses this asm macro.
                              145 ;<
                              146 ;///////////////////////////////////////////////////////////////////////////////
                              147 error   macro
                              148   if (@DEF('BETA')||@DEF('RETAIL')||@DEF('TRACEBUFFER'))
                              149     jmp $000C ;Use vector at P:000C to shutdown & restart the STMP device. 
                              150               ; Jmp to addr in low 12 bits is 1 word smaller than jsr. (changed apr 6 '05)
                              151   else
                              152     debug
                              153   endif ; if ( @DEF('BETA')||@DEF('RETAIL') 
                              154     endm
                              156 ;///////////////////////////////////////////////////////////////////////////////
                              157 ;
                              158 ;   Name:           debugOrContinue
                              159 ;   Type:           Macro
                              160 ;   Description:    System error macro. Depending upon the build
                              161 ;                   arguments DEBUG, BETA, or RETAIL, this will either produce
                              162 ;                   a "debug" statement or nothing to allow continued execution.
                              163 ;   Inputs:         none 
                              164 ;   Outputs:        none
                              165 ;   Notes:          none
                              166 ;
                              167 ;///////////////////////////////////////////////////////////////////////////////
                              168 debugOrContinue   macro
                              169   if (@DEF('DEBUG'))
                              170     debug
                              171     nop
                              172   endif 
                              173     endm
                              175 ;///////////////////////////////////////////////////////////////////////////////
                              176 ;
                              177 ;   Name:           debugOrShutdown
                              178 ;   Type:           Macro
                              179 ;   Description:    System error macro. Depending upon the build
                              180 ;                   arguments DEBUG, BETA, or RETAIL, this will either produce
                              181 ;                   a "debug" statement or Prevent RETAIL build from hanging on 
                              182 ;                   debug line by attempting graceful shutdown.
                              183 ;   Inputs:         none 
                              184 ;   Outputs:        none
                              185 ;   Notes:          See SystemShutdownFinal in SystemAPI.asm
                              186 ;
                              187 ;///////////////////////////////////////////////////////////////////////////////
                              188 ;debugOrShutdown   macro
                              189 ;  if (@DEF('DEBUG'))
                              190 ;    debug
                              191 ;    nop
                              192 ;  else  ; ( @DEF('BETA')||@DEF('RETAIL')
                              193 ;    jmp SystemShutdownFinal                ; reference not resolved
                              194 ;  endif 
                              195 ;    endm
                              198 ;///////////////////////////////////////////////////////////////////////////////
                              199 ;> Name:            ccerror
                              200 ;
                              201 ;  Type:            Macro
                              202 ;  Description:     Conditional fatal system error macro.  If the indicated
                              203 ;                   condition code ("CC") is met, signal the error.  (See "error",
                              204 ;                   above for more info on error hanlding.)
                              205 ;                   The allowed condition condition codes are
                              206 ;
                              207 ;                       cc, cs, ec, eq, es, ge, gt, lc, le, ls, lt, 
                              208 ;                       mi, ne, nr, pl, nn 
                              209 ;
                              210 ;  Inputs:          condition
                              211 ;
                              212 ;  Outputs:         none
                              213 ;
                              214 ;  Notes:           The normal way of using these macros is shown below:
                              215 ;
                              216 ;                       <some operation which sets/clears a condition code>
                              217 ;                       ccerror cs             ; Error if carry is set
                              218 ;                       <normal continuation>
                              219 ;
                              220 ;                   This can replace old code of the form:
                              221 ;
                              222 ;                       <some operation which sets/clears a condition code>
                              223 ;                       jcc     _OK
                              224 ;                       error
                              225 ;                   _OK
                              226 ;                       <normal continuation>
                              227 ;
                              228 ;                   Depending on the BETA/RETAIL flags, the first operation can
                              229 ;                   save one or two words of program memory over the second method.
                              230 ;<
                              231 ;///////////////////////////////////////////////////////////////////////////////
                              232 ccerror macro   condition
                              233   if (@DEF('BETA')||@DEF('RETAIL'))
                              234     js\condition $000C
                              235   else
                              236     debug\condition
                              237   endif ; if ( @DEF('BETA')||@DEF('RETAIL') 
                              238     endm
                              240 ;///////////////////////////////////////////////////////////////////////////////
                              241 ;> Name: GetLogicalDriveNumForResourceBin
                              242 ;
                              243 ; Description: Used for our RestoreDriveFromBackup routine.
                              244 ; INPUT: 1 for primary resource.bin
                              245 ;        2 for secondary resource.bin
                              246 ;        3 for master redundant resource.bin that is used to restore 1 and 2 at power up if needed.
                              247 ;
                              248 ; NOTE: If the drive arrays is modified in ddiproject.c then the values below will
                              249 ;       have to change. Inspect that file to verify these values are correct.
                              250 ;
                              251 ;<
                              252 ;///////////////////////////////////////////////////////////////////////////////
                              253 GetLogicalDriveNumForResourceBin macro drive
                              254     if (drive==0)
TASKING DSP2410 assembler v1.5r1 Build 138 SN 00100122
                                                                                                                                                                                                                                                       Page   2

M:ADDR CODE           CYCLES LINE SOURCELINE
                              255     fail    "drive=0 invalid value used in GetLogicalDriveNumForresourceBin macro"
                              256     endif
                              258     if (drive>3)
                              259     fail    "drive>3 invalid value used in GetLogicalDriveNumForresourceBin macro"
                              260     endif
                              262     if (@DEF('MMC'))
                              264         if drive==1
                              265              move   #>6,a
                              266         endif
                              267     
                              268         if drive==2
                              269              move   #>7,a
                              270         endif
                              272         if drive==3
                              273              move   #>8,a
                              274         endif
                              275     else
                              277         if drive==1
                              278              move   #>5,a
                              279         endif
                              280     
                              281         if drive==2
                              282              move   #>6,a
                              283         endif
                              285         if drive==3
                              286              move   #>7,a
                              287         endif
                              288     endif
                              289  endm
                              291 ;///////////////////////////////////////////////////////////////////////////////
                              292 ;
                              293 ;>  Name:           SaveRange
                              294 ;
                              295 ;   Type:           Macro
                              296 ;
                              297 ;   Description:    This is a supporting macro for saving memory locations to
                              298 ;                   the settings.dat file at shutdown, for later restoration
                              299 ;                   at system startup.
                              300 ;
                              301 ;   Inputs:         Usage : SaveRange Label,Length
                              302 ;                        
                              303 ;   Outputs:        
                              304 ;                   
                              305 ;   Notes:          This macro automatically determines the memory space of the
                              306 ;                   label specified.  It then constructs a command that is 
                              307 ;                   written to settings.dat by SysSaveSettings, and is
                              308 ;                   understood by the SysLoadSettings function to restore the
                              309 ;                   memory locations.  For the SaveRange macro to be recognized 
                              310 ;                   by the SysSaveSettings function.  The section name where the
                              311 ;                   SaveRange command is used, must be included in the 
                              312 ;                   Settings_Y cluster in the stmp3400.dsc file.  The makefile
                              313 ;                   will then extract these commands as a resource to be used
                              314 ;                   by SysSaveSettings and SysLoadSettings.
                              315 ;
                              316 ;   SeeAlso:        SysLoadSettings, SysSaveSettings, SaveRangeX, 
                              317 ;                   SaveRangeY, SaveRangeP, SaveRangeL
                              318 ;
                              319 ;<
                              320 ;///////////////////////////////////////////////////////////////////////////////
                              321 SaveRange macro Label,Length
                              322     if @MSP(Label)==0  ;None
                              323     fail    "Invalid label used in SaveRange macro"
                              324     dc      Label
                              325     endif ; if @MSP(Label)==0
                              327     if @MSP(Label)==1  ;X
                              328     dc      $800000|Label
                              329     endif ; if @MSP(Label)==1
                              331     if @MSP(Label)==2  ;Y
                              332     dc      $400000|Label
                              333     endif ; if @MSP(Label)==2
                              335     if @MSP(Label)==3  ;L
                              336     dc      $200000|Label
                              337     endif ; if @MSP(Label)==3
                              339     if @MSP(Label)==4  ;P
                              340     dc      $100000|Label
                              341     endif ; if @MSP(Label)==4
                              343     if @MSP(Label)==5  ;E
                              344     fail    "Invalid label used in SaveRange macro"
                              345     dc      Label
                              346     endif ; if @MSP(Label)==5
                              348     dc      Length*3
                              349     endm
                              351 ;///////////////////////////////////////////////////////////////////////////////
                              352 ;
                              353 ;>  Name:           SaveRangeY
                              354 ;
                              355 ;   Type:           Macro
                              356 ;
                              357 ;   Description:    This is a supporting macro for saving memory locations to
                              358 ;                   the settings.dat file at shutdown, for later restoration
                              359 ;                   at system startup.
                              360 ;
                              361 ;   Inputs:         Usage : SaveRangeY Label,Length
                              362 ;                        
                              363 ;   Outputs:        
                              364 ;                   
                              365 ;   Notes:          Refer to the SaveRange macro for more details.  This macro
                              366 ;                   can take a numeric address, or a label, but will only
                              367 ;                   create a save memory command that indicates Y memory
                              368 ;                   to be saved.
                              369 ;
                              370 ;   SeeAlso:        SysLoadSettings, SysSaveSettings, SaveRange, 
                              371 ;                   SaveRangeX, SaveRangeP, SaveRangeL
                              372 ;
                              373 ;<
                              374 ;///////////////////////////////////////////////////////////////////////////////
                              375 SaveRangeY macro Address,Length
                              376     dc      $400000|Address
                              377     dc      Length*3
                              378     endm
                              380 ;///////////////////////////////////////////////////////////////////////////////
                              381 ;
                              382 ;>  Name:           SaveRangeX
                              383 ;
                              384 ;   Type:           Macro
                              385 ;
                              386 ;   Description:    This is a supporting macro for saving memory locations to
                              387 ;                   the settings.dat file at shutdown, for later restoration
                              388 ;                   at system startup.
                              389 ;
                              390 ;   Inputs:         Usage : SaveRangeX Label,Length
                              391 ;                        
                              392 ;   Outputs:        
                              393 ;                   
                              394 ;   Notes:          Refer to the SaveRange macro for more details.  This macro
                              395 ;                   can take a numeric address, or a label, but will only
                              396 ;                   create a save memory command that indicates X memory
                              397 ;                   to be saved.
                              398 ;
                              399 ;   See Also:       SysLoadSettings, SysSaveSettings, SaveRange, 
                              400 ;                   SaveRangeY, SaveRangeP, SaveRangeL
                              401 ;
                              402 ;<
                              403 ;///////////////////////////////////////////////////////////////////////////////
                              404 SaveRangeX macro Address,Length
                              405     dc      $800000|Address
                              406     dc      Length*3
                              407     endm
                              409 ;///////////////////////////////////////////////////////////////////////////////
                              410 ;
                              411 ;>  Name:           SaveRangeL
                              412 ;
                              413 ;   Type:           Macro
                              414 ;
                              415 ;   Description:    This is a supporting macro for saving memory locations to
                              416 ;                   the settings.dat file at shutdown, for later restoration
                              417 ;                   at system startup.
                              418 ;
                              419 ;   Inputs:         Usage : SaveRangeL Label,Length
                              420 ;                        
                              421 ;   Outputs:        
                              422 ;                   
                              423 ;   Notes:          Refer to the SaveRange macro for more details.  This macro
                              424 ;                   can take a numeric address, or a label, but will only
                              425 ;                   create a save memory command that indicates L memory
                              426 ;                   to be saved.
                              427 ;
                              428 ;   SeeAlso:        SysLoadSettings, SysSaveSettings, SaveRange, 
                              429 ;                   SaveRangeX, SaveRangeY, SaveRangeP
                              430 ;
                              431 ;<
                              432 ;///////////////////////////////////////////////////////////////////////////////
                              433 SaveRangeL macro Address,Length
                              434     dc      $200000|Address
                              435     dc      Length*3
                              436     endm
                              438 ;///////////////////////////////////////////////////////////////////////////////
                              439 ;
                              440 ;>  Name:           SaveRangeP
                              441 ;
                              442 ;   Type:           Macro
                              443 ;
                              444 ;   Description:    This is a supporting macro for saving memory locations to
                              445 ;                   the settings.dat file at shutdown, for later restoration
                              446 ;                   at system startup.
                              447 ;
                              448 ;   Inputs:         Usage : SaveRangeP Label,Length
                              449 ;                        
                              450 ;   Outputs:        
                              451 ;                   
                              452 ;   Notes:          Refer to the SaveRange macro for more details.  This macro
                              453 ;                   can take a numeric address, or a label, but will only
                              454 ;                   create a save memory command that indicates P memory
                              455 ;                   to be saved.
                              456 ;
                              457 ;   SeeAlso:        SysLoadSettings, SysSaveSettings, SaveRange, 
                              458 ;                   SaveRangeX, SaveRangeY, SaveRangeL
                              459 ;
                              460 ;<
                              461 ;///////////////////////////////////////////////////////////////////////////////
                              462 SaveRangeP macro Address,Length
                              463     dc      $100000|Address
                              464     dc      Length*3
                              465     endm
                              468 ;///////////////////////////////////////////////////////////////////////////////
                              469 ;       BUTTON MACROS
                              470 ;///////////////////////////////////////////////////////////////////////////////
                              472 ;///////////////////////////////////////////////////////////////////////////////
                              473 ;
                              474 ;>  Name:           DEFINE_ROW
                              475 ;
                              476 ;   Type:           Macro
                              477 ;
                              478 ;   Description:    This is a supporting macro for defining the GPIO setup for 
                              479 ;                   the scan matrix.
                              480 ;
                              481 ;   Inputs:         Usage : DEFINE_ROW RowNumber,WhichGPIORegister,WhichBit
                              482 ;                        
                              483 ;   Outputs:        Sets up equates required for data structures in button.asm
                              484 ;                   
                              485 ;   Notes:          Must be used in conjuction with DEFINE_COLUMN, DEFINE_SCAN_BUTTON_EVENT,
                              486 ;                   DEFINE_NON_SCAN_BUTTON,DEFINE_NON_SCAN_BUTTON_EVENT, and DEFINE_MAPPED_EVENT to
                              487 ;                   completely define the players button scan matrix, non scan buttons, and
                              488 ;                   how these buttons map to events as recieved by the menus.  There must be one of these
                              489 ;                   macro definitions for each row in the scan matrix.
                              490 ;
                              491 ;   SeeAlso:        DEFINE_COLUMN, DEFINE_SCAN_BUTTON_EVENT,DEFINE_NON_SCAN_BUTTON,
                              492 ;                   DEFINE_NON_SCAN_BUTTON_EVENT, and DEFINE_MAPPED_EVENT
                              493 ;
                              494 ;<
                              495 ;///////////////////////////////////////////////////////////////////////////////
                              497 DEFINE_ROW macro RowNumber,WhichGPIO,WhichBit
                              498     BUTTON_GPIO_ENABLE_ROW_\RowNumber:  equ HW_\WhichGPIO\ENR
                              499     BUTTON_GPIO_SENSE_ROW_\RowNumber:   equ HW_\WhichGPIO\DIR
                              500     BUTTON_BITPOS_ROW_\RowNumber:       equ 1<<\WhichBit
                              501     endm
                              503 ;///////////////////////////////////////////////////////////////////////////////
                              504 ;
                              505 ;>  Name:           DEFINE_COLUMN
                              506 ;
                              507 ;   Type:           Macro
                              508 ;
                              509 ;   Description:    This is a supporting macro for defining the GPIO setup for 
                              510 ;                   the scan matrix.
                              511 ;
                              512 ;   Inputs:         Usage : DEFINE_COLUMN ColumnNumber,WhichGPIORegister,WhichBit
                              513 ;                        
                              514 ;   Outputs:        Sets up equates required for data structures in button.asm
                              515 ;                   
                              516 ;   Notes:          Must be used in conjuction with DEFINE_COLUMN, DEFINE_SCAN_BUTTON_EVENT,
                              517 ;                   DEFINE_NON_SCAN_BUTTON,DEFINE_NON_SCAN_BUTTON_EVENT, and DEFINE_MAPPED_EVENT to
                              518 ;                   completely define the players button scan matrix, non scan buttons, and
                              519 ;                   how these buttons map to events as recieved by the menus.  There must be one
                              520 ;                   of these macro definitions for each column in the scan matrix.
                              521 ;
                              522 ;   SeeAlso:        DEFINE_COLUMN, DEFINE_SCAN_BUTTON_EVENT,DEFINE_NON_SCAN_BUTTON,
                              523 ;                   DEFINE_NON_SCAN_BUTTON_EVENT, and DEFINE_MAPPED_EVENT
                              524 ;
                              525 ;<
                              526 ;///////////////////////////////////////////////////////////////////////////////
                              527 DEFINE_COLUMN macro ColumnNumber,WhichGPIO,WhichBit
TASKING DSP2410 assembler v1.5r1 Build 138 SN 00100122
                                                                                                                                                                                                                                                       Page   3

M:ADDR CODE           CYCLES LINE SOURCELINE
                              528     BUTTON_GPIO_ENABLE_COLUMN_\ColumnNumber:        equ HW_\WhichGPIO\ENR
                              529     BUTTON_GPIO_DATA_OUT_COLUMN_\ColumnNumber:      equ HW_\WhichGPIO\DOR
                              530     BUTTON_GPIO_OUTPUT_ENABLE_COLUMN_\ColumnNumber: equ HW_\WhichGPIO\DOER
                              531     BUTTON_BITPOS_COLUMN_\ColumnNumber:             equ 1<<\WhichBit
                              532     endm
                              534 ;///////////////////////////////////////////////////////////////////////////////
                              535 ;
                              536 ;>  Name:           DEFINE_SCAN_BUTTON_EVENT
                              537 ;
                              538 ;   Type:           Macro
                              539 ;
                              540 ;   Description:    This is a supporting macro for defining the mapping between a scan
                              541 ;                   matrix location and a button event.
                              542 ;
                              543 ;   Inputs:         Usage : DEFINE_SCAN_BUTTON_EVENT Column,Row,EventNumber,ButtonName.  
                              544 ;                       Column is in the format COL0,COL1,COL2, etc.  
                              545 ;                       Row is in the format ROW0,ROW1,etc. 
                              546 ;                       The EventNumber is an integer with a single bit set that is unique to all button events
                              547 ;                       ButtonName is a label by which this button event can be referenced in the event mapping.
                              548 ;                        
                              549 ;   Outputs:        Sets up equates required for data structures in button.asm
                              550 ;                   
                              551 ;   Notes:          Must be used in conjuction with DEFINE_COLUMN, DEFINE_SCAN_BUTTON_EVENT,
                              552 ;                   DEFINE_NON_SCAN_BUTTON,DEFINE_NON_SCAN_BUTTON_EVENT, and DEFINE_MAPPED_EVENT to
                              553 ;                   completely define the players button scan matrix, non scan buttons, and
                              554 ;                   how these buttons map to events as recieved by the menus. This macro sets up buttons for each
                              555 ;                   spot in the button scan matrix.  Each place in the matrix must be defined, even if no
                              556 ;                   physical button exists in it.  Use $000000 for placeholders.
                              557 ;
                              558 ;   SeeAlso:        DEFINE_COLUMN, DEFINE_SCAN_BUTTON_EVENT,DEFINE_NON_SCAN_BUTTON,
                              559 ;                   DEFINE_NON_SCAN_BUTTON_EVENT, and DEFINE_MAPPED_EVENT
                              560 ;
                              561 ;<
                              562 ;///////////////////////////////////////////////////////////////////////////////
                              563 DEFINE_SCAN_BUTTON_EVENT macro Column,Row,EventNumber,ButtonName
                              564     BUTTON_EVENT_\Column\Row:  equ \EventNumber
                              565     ButtonName: equ \EventNumber
                              566     endm 
                              568 ;///////////////////////////////////////////////////////////////////////////////
                              569 ;
                              570 ;>  Name:           DEFINE_NON_SCAN_BUTTON
                              571 ;
                              572 ;   Type:           Macro
                              573 ;
                              574 ;   Description:    This is a supporting macro for defining a non scan button.
                              575 ;
                              576 ;   Inputs:         Usage : DEFINE_NON_SCAN_BUTTON NSNumber,WhichGPIO,WhichBit.  
                              577 ;                       NSNumber is a unique number (starting at 0) and counting up to BUTTON_NON_SCAN_BUTTONS-1
                              578 ;                       WhichGPIO is the GPIO register used
                              579 ;                       WhichBit is the bit in this register.
                              580 ;                        
                              581 ;   Outputs:        Sets up equates required for data structures in button.asm
                              582 ;                   
                              583 ;   Notes:          Must be used in conjuction with DEFINE_COLUMN, DEFINE_SCAN_BUTTON_EVENT,
                              584 ;                   DEFINE_NON_SCAN_BUTTON,DEFINE_NON_SCAN_BUTTON_EVENT, and DEFINE_MAPPED_EVENT to
                              585 ;                   completely define the players button scan matrix, non scan buttons, and
                              586 ;                   how these buttons map to events as recieved by the menus. This macro sets up non scan
                              587 ;                   buttons.  Use DEFINE_NON_SCAN_BUTTON_EVENT to define the event generated by this non scan
                              588 ;                   button.
                              589 ;
                              590 ;   SeeAlso:        DEFINE_COLUMN, DEFINE_SCAN_BUTTON_EVENT,DEFINE_NON_SCAN_BUTTON,
                              591 ;                   DEFINE_NON_SCAN_BUTTON_EVENT, and DEFINE_MAPPED_EVENT
                              592 ;
                              593 ;<
                              594 ;///////////////////////////////////////////////////////////////////////////////
                              595 DEFINE_NON_SCAN_BUTTON macro NSNumber,WhichGPIO,WhichBit
                              596     BUTTON_GPIO_ENABLE_NON_SCAN_\NSNumber:  equ HW_\WhichGPIO\ENR
                              597     BUTTON_GPIO_SENSE_NON_SCAN_\NSNumber:   equ HW_\WhichGPIO\DIR
                              598     BUTTON_BITPOS_NON_SCAN_\NSNumber:       equ 1<<\WhichBit
                              599     BUTTON_REAL_BITPOS_NON_SCAN_\NSNumber:  equ \WhichBit
                              600     endm
                              602 ;///////////////////////////////////////////////////////////////////////////////
                              603 ;
                              604 ;>  Name:           DEFINE_NON_SCAN_BUTTON_EVENT
                              605 ;
                              606 ;   Type:           Macro
                              607 ;
                              608 ;   Description:    This is a supporting macro for defining a non scan button.
                              609 ;
                              610 ;   Inputs:         Usage : DEFINE_NON_SCAN_BUTTON_EVENT Number,EventNumber,ButtonName  
                              611 ;                       Number is a unique number (starting at 0) and counting up to BUTTON_NON_SCAN_BUTTONS-1
                              612 ;                       EventNumber is an integer with 1 bit set that is unique to all other buttons
                              613 ;                       ButtonName is a label later referenced in the event mapping
                              614 ;                        
                              615 ;   Outputs:        Sets up equates required for data structures in button.asm
                              616 ;                   
                              617 ;   Notes:          Must be used in conjuction with DEFINE_COLUMN, DEFINE_SCAN_BUTTON_EVENT,
                              618 ;                   DEFINE_NON_SCAN_BUTTON,DEFINE_NON_SCAN_BUTTON_EVENT, and DEFINE_MAPPED_EVENT to
                              619 ;                   completely define the players button scan matrix, non scan buttons, and
                              620 ;                   how these buttons map to events as recieved by the menus. This macro sets up non scan
                              621 ;                   buttons.  
                              622 ;
                              623 ;   SeeAlso:        DEFINE_COLUMN, DEFINE_SCAN_BUTTON_EVENT,DEFINE_NON_SCAN_BUTTON,
                              624 ;                   DEFINE_NON_SCAN_BUTTON_EVENT, and DEFINE_MAPPED_EVENT
                              625 ;
                              626 ;<
                              627 ;///////////////////////////////////////////////////////////////////////////////
                              628 DEFINE_NON_SCAN_BUTTON_EVENT macro Number,EventNumber,ButtonName
                              629     BUTTON_EVENT_NONSCAN\Number:  equ \EventNumber
                              630     ButtonName: equ \EventNumber
                              631     endm 
                              635 ;///////////////////////////////////////////////////////////////////////////////
                              636 ;> Name: DEFINE_LRADC_BUTTON
                              637 ;
                              638 ;  Type: Macro
                              639 ;
                              640 ;  Description: This is a supporting macro for defining an Low Resolution ADC (LRADC)-based button
                              641 ;
                              642 ;  Inputs:      Usage : DEFINE_LRADC_BUTTON LBNumber,UpperLimitVoltage
                              643 ;
                              644 ;  Outputs:     Sets up equates required for data structures in button.asm
                              645 ;
                              646 ;  Notes:       Must be used in conjuction with DEFINE_LRADC_BUTTON_EVENT, and DEFINE_MAPPED_EVENT to
                              647 ;                   completely define the player's LRADC buttons and how these buttons map to 
                              648 ;                   events as recieved by the menus. This macro sets up LRADC buttons.  Use 
                              649 ;                   DEFINE_LRADC_BUTTON_EVENT to define the event generated by this LRADC button.
                              650 ;
                              651 ;   SeeAlso:        DEFINE_LRADC_BUTTON_EVENT, DEFINE_COLUMN, DEFINE_SCAN_BUTTON_EVENT,
                              652 ;                   DEFINE_NON_SCAN_BUTTON, DEFINE_NON_SCAN_BUTTON_EVENT, and DEFINE_MAPPED_EVENT
                              653 ;<
                              654 ;///////////////////////////////////////////////////////////////////////////////
                              655 DEFINE_LRADC_BUTTON     macro   num,level
                              656     BUTTON_LRADC_LEVEL_\num:    equ level
                              657     endm
                              661 ;///////////////////////////////////////////////////////////////////////////////
                              662 ;> Name: DEFINE_LRADC_BUTTON_EVENT
                              663 ;
                              664 ;  Type: Macro
                              665 ;
                              666 ;  Description:     This is a supporting macro for defining a Low Resolution ADC (LRADC)-based button.
                              667 ;
                              668 ;  Inputs:          Usage : DEFINE_LRADC_BUTTON_EVENT Number,EventNumber,ButtonName  
                              669 ;                       Number is a unique number (starting at 0) and counting up to BUTTON_LRADC_BUTTONS-1
                              670 ;                       EventNumber is an integer with 1 bit set that is unique to all other buttons
                              671 ;                       ButtonName is a label later referenced in the event mapping
                              672  
                              673 ;
                              674 ;  Outputs:         Sets up equates required for data structures in button.asm
                              675 ;
                              676 ;  Notes:           Must be used in conjuction with DEFINE_LRADC_BUTTON, and DEFINE_MAPPED_EVENT to
                              677 ;                   completely define the player's LRADC buttons and how these buttons map to events 
                              678 ;                   as recieved by the menus. This macro sets up LRADC buttons.
                              679 ;
                              680 ;
                              681 ;   SeeAlso:        DEFINE_LRADC_BUTTON, DEFINE_COLUMN, DEFINE_SCAN_BUTTON_EVENT,DEFINE_NON_SCAN_BUTTON,
                              682 ;                   DEFINE_NON_SCAN_BUTTON_EVENT, and DEFINE_MAPPED_EVENT
                              683 ;<
                              684 ;///////////////////////////////////////////////////////////////////////////////
                              685 DEFINE_LRADC_BUTTON_EVENT      macro   num,EventNumber,ButtonName
                              686     BUTTON_EVENT_LRADC_BUTTON\num: equ \EventNumber
                              687     ButtonName:     equ     \EventNumber   
                              688     endm
                              689   
                              692 ;///////////////////////////////////////////////////////////////////////////////
                              693 ;
                              694 ;>  Name:           DEFINE_MAPPED_EVENT
                              695 ;
                              696 ;   Type:           Macro
                              697 ;
                              698 ;   Description:    This is a supporting macro for defining button events.
                              699 ;
                              700 ;   Inputs:         Usage : DEFINE_MAPPED_EVENT Number,Action,ButtonNames 
                              701 ;                       Number is a unique number (starting at 0) and counting up to BUTTON_MAPPED_EVENTS-1
                              702 ;                       Action is either PRESS_RELEASE or PRESS_HOLD
                              703 ;                       ButtonNames is a collection of labels defined for scan or non scan buttons that relate
                              704 ;                           to this button event.
                              705 ;                        
                              706 ;   Outputs:        Sets up equates required for data structures in button.asm
                              707 ;                   
                              708 ;   Notes:          Must be used in conjuction with DEFINE_COLUMN, DEFINE_SCAN_BUTTON_EVENT,
                              709 ;                   DEFINE_NON_SCAN_BUTTON,DEFINE_NON_SCAN_BUTTON_EVENT, and DEFINE_MAPPED_EVENT to
                              710 ;                   completely define the players button scan matrix, non scan buttons, and
                              711 ;                   how these buttons map to events as recieved by the menus. This macro sets up the mapping
                              712 ;                   between scan and non scan buttons, and the eventual event number that is sent to the menus.
                              713 ;
                              714 ;   SeeAlso:        DEFINE_COLUMN, DEFINE_SCAN_BUTTON_EVENT,DEFINE_NON_SCAN_BUTTON,
                              715 ;                   DEFINE_NON_SCAN_BUTTON_EVENT, and DEFINE_MAPPED_EVENT
                              716 ;
                              717 ;<
                              718 ;///////////////////////////////////////////////////////////////////////////////
                              719 DEFINE_MAPPED_EVENT macro Number,Action,ButtonNames
                              720     
                              721   IF (@SCP("Action","PRESS_RELEASE"))
                              722     BUTTON_EVENT_\Number:  equ ButtonNames
                              723   else 
                              724     if (@SCP("Action","PRESS_HOLD"))
                              725         BUTTON_EVENT_\Number:  equ $800000|ButtonNames
                              726     else
                              727         ERROR "Unknown Action for DEFINE_MAPPED_EVENT" 
                              728     endif
                              729   endif 
                              730     endm
                              733 ;///////////////////////////////////////////////////////////////////////////////
                              734 ;
                              735 ;>  Name:           DEFINE_2BUTTON_MAPPED_EVENT
                              736 ;
                              737 ;   Type:           Macro
                              738 ;
                              739 ;   Description:    This is a supporting macro for defining button events.
                              740 ;
                              741 ;   Inputs:         Usage : DEFINE_2BUTTON_MAPPED_EVENT Number,Action,Event1,Event2 
                              742 ;                       Number is a unique number (starting at 0) and counting up to BUTTON_MAPPED_EVENTS-1
                              743 ;                       Action is either PRESS_RELEASE or PRESS_HOLD
                              744 ;                       Event1 is 1 of 2 previously defined button events
                              745 ;                       Event2 is 2 of 2 previously defined button events
                              746 ;                        
                              747 ;   Outputs:        Sets up equates required for data structures in button.asm
                              748 ;                   
                              749 ;   Notes:          Must be used in conjuction with DEFINE_COLUMN, DEFINE_SCAN_BUTTON_EVENT,
                              750 ;                   DEFINE_NON_SCAN_BUTTON,DEFINE_NON_SCAN_BUTTON_EVENT, and DEFINE_MAPPED_EVENT to
                              751 ;                   completely define the players button scan matrix, non scan buttons, and
                              752 ;                   how these buttons map to events as recieved by the menus. This macro sets up the mapping
                              753 ;                   between scan and non scan buttons, and the eventual event number that is sent to the menus.
                              754 ;
                              755 ;   SeeAlso:        DEFINE_COLUMN, DEFINE_SCAN_BUTTON_EVENT,DEFINE_NON_SCAN_BUTTON,
                              756 ;                   DEFINE_NON_SCAN_BUTTON_EVENT, and DEFINE_MAPPED_EVENT
                              757 ;
                              758 ;<
                              759 ;///////////////////////////////////////////////////////////////////////////////
                              760 DEFINE_2BUTTON_MAPPED_EVENT macro Number,Action,Event1,Event2
                              761     
                              762   IF (@SCP("Action","PRESS_RELEASE"))
                              763     BUTTON_EVENT_\Number:  equ BUTTON_EVENT_\Event1|BUTTON_EVENT_\Event2
                              764   else 
                              765     if (@SCP("Action","PRESS_HOLD"))
                              766         BUTTON_EVENT_\Number:  equ BUTTON_EVENT_\Event1|BUTTON_EVENT_\Event2|$800000
                              767     else
                              768         ERROR "Unknown Action for DEFINE_MAPPED_EVENT" 
                              769     endif
                              770   endif 
                              771   endm
                              773 ;///////////////////////////////////////////////////////////////////////////////
                              774 ;
                              775 ;>  Name:           StackCheckIn
                              776 ;
                              777 ;   Type:           Macro
                              778 ;
                              779 ;   Description:    Records the current stack pointer on the stack
                              780 ;
                              781 ;   Inputs:         none
                              782 ;                        
                              783 ;   Outputs:        places the current PC and the current software stack pointer on the stack
                              784 ;   
                              785 ;   Notes:          This does not modify any registers (except r7)                
                              786 ;
                              787 ;   SeeAlso:        FStackCheckIn
                              788 ;
                              789 ;<
                              790 ;///////////////////////////////////////////////////////////////////////////////
                              791 StackCheckIn macro
                              792   if (@DEF('DEBUG'))
TASKING DSP2410 assembler v1.5r1 Build 138 SN 00100122
                                                                                                                                                                                                                                                       Page   4

M:ADDR CODE           CYCLES LINE SOURCELINE
                              793     extern FStackCheckIn
                              794     jsr FStackCheckIn
                              795   endif
                              796   endm
                              798 ;///////////////////////////////////////////////////////////////////////////////
                              799 ;
                              800 ;>  Name:           StackCheckOut
                              801 ;
                              802 ;   Type:           Macro
                              803 ;
                              804 ;   Description:    Verifies that the stack is still balanced
                              805 ;
                              806 ;   Inputs:         none
                              807 ;                        
                              808 ;   Outputs:        none (though hits a debug if the stack is unbalanced)
                              809 ;   
                              810 ;   Notes:          This does not modify any registers (except r7) 
                              811 ;
                              812 ;   SeeAlso:        FStackCheckOut
                              813 ;
                              814 ;<
                              815 ;///////////////////////////////////////////////////////////////////////////////
                              816 StackCheckOut macro
                              817   if (@DEF('DEBUG'))
                              818     extern FStackCheckOut
                              819     jsr FStackCheckOut
                              820   endif 
                              821   endm
                              824 ;///////////////////////////////////////////////////////////////////////////////
                              825 ;
                              826 ;>  Name:           InstrumentPushContext 
                              827 ;
                              828 ;   Type:           Macro
                              829 ;
                              830 ;   Description:    calls the instrument functions specified.
                              831 ;
                              832 ;   Inputs:         new context
                              833 ;                   new value
                              834 ;                        
                              835 ;   Outputs:        
                              836 ;   
                              837 ;   Notes:          This does not modify any registers  
                              838 ;
                              839 ;   SeeAlso:        
                              840 ;
                              841 ;<
                              842 ;///////////////////////////////////////////////////////////////////////////////
                              843 InstrumentPushContext macro context,value
                              844   if (@DEF('USE_INSTRUMENTATION'))
                              845     extern FInstrumentPushContext
                              846     extern PushAandB
                              847     extern PopAandB
                              848     jsr PushAandB
                              849     move    #>context,a
                              850     move    #>value,b
                              851     jsr FInstrumentPushContext
                              852     jsr PopAandB
                              853   endif 
                              854   endm
                              856 ;///////////////////////////////////////////////////////////////////////////////
                              857 ;
                              858 ;>  Name:           InstrumentPopContext 
                              859 ;
                              860 ;   Type:           Macro
                              861 ;
                              862 ;   Description:    calls the instrument functions specified.
                              863 ;
                              864 ;   Inputs:         none
                              865 ;                        
                              866 ;   Outputs:        none
                              867 ;   
                              868 ;   Notes:          This does not modify any registers  
                              869 ;
                              870 ;   SeeAlso:        
                              871 ;
                              872 ;<
                              873 ;///////////////////////////////////////////////////////////////////////////////
                              874 InstrumentPopContext macro 
                              875   if (@DEF('USE_INSTRUMENTATION'))
                              876     extern FInstrumentPopContext
                              877     jsr FInstrumentPopContext
                              878   endif 
                              879   endm
                              881 ;///////////////////////////////////////////////////////////////////////////////
                              882 ;
                              883 ;>  Name:           InstrumentSetValue 
                              884 ;
                              885 ;   Type:           Macro
                              886 ;
                              887 ;   Description:    calls the instrument functions specified.
                              888 ;
                              889 ;   Inputs:         Value
                              890 ;                        
                              891 ;   Outputs:        none
                              892 ;   
                              893 ;   Notes:          This does not modify any registers  
                              894 ;
                              895 ;   SeeAlso:        
                              896 ;
                              897 ;<
                              898 ;///////////////////////////////////////////////////////////////////////////////
                              899 InstrumentSetValue macro value
                              900   if (@DEF('USE_INSTRUMENTATION'))
                              901     extern FInstrumentSetValue
                              902     jsr PushA
                              903     move #>value,a
                              904     jsr FInstrumentSetValue
                              905     jsr PopA
                              906   endif 
                              907   endm
                              910 ;///////////////////////////////////////////////////////////////////////////////
                              911 ;
                              912 ;>  Name:           InstrumentSetEvent 
                              913 ;
                              914 ;   Type:           Macro
                              915 ;
                              916 ;   Description:    calls the instrument functions specified.
                              917 ;
                              918 ;   Inputs:         Value
                              919 ;                        
                              920 ;   Outputs:        none
                              921 ;   
                              922 ;   Notes:          This does not modify any registers  
                              923 ;
                              924 ;   SeeAlso:        
                              925 ;
                              926 ;<
                              927 ;///////////////////////////////////////////////////////////////////////////////
                              928 InstrumentSetEvent macro event
                              929   if (@DEF('USE_INSTRUMENTATION'))
                              930     extern FInstrumentSetEvent
                              931     jsr PushA
                              932     move #>event,a
                              933     jsr FInstrumentSetEvent
                              934     jsr PopA
                              935   endif 
                              936   endm
                              938 ;///////////////////////////////////////////////////////////////////////////////
                              939 ;
                              940 ;>  Name:           InstrumentClearEvent 
                              941 ;
                              942 ;   Type:           Macro
                              943 ;
                              944 ;   Description:    calls the instrument functions specified.
                              945 ;
                              946 ;   Inputs:         event
                              947 ;                        
                              948 ;   Outputs:        none
                              949 ;   
                              950 ;   Notes:          This does not modify any registers  
                              951 ;
                              952 ;   SeeAlso:        
                              953 ;
                              954 ;<
                              955 ;///////////////////////////////////////////////////////////////////////////////
                              956 InstrumentClearEvent macro event
                              957   if (@DEF('USE_INSTRUMENTATION'))
                              958     extern FInstrumentClearEvent
                              959     jsr PushA
                              960     move #>event,a
                              961     jsr FInstrumentClearEvent
                              962     jsr PopA
                              963   endif 
                              964   endm
                              966 ;///////////////////////////////////////////////////////////////////////////////
                              967 ;
                              968 ;>  Name:           InstrumentToggleEvent 
                              969 ;
                              970 ;   Type:           Macro
                              971 ;
                              972 ;   Description:    calls the instrument functions specified.
                              973 ;
                              974 ;   Inputs:         event
                              975 ;                        
                              976 ;   Outputs:        none
                              977 ;   
                              978 ;   Notes:          This does not modify any registers  
                              979 ;
                              980 ;   SeeAlso:        
                              981 ;
                              982 ;<
                              983 ;///////////////////////////////////////////////////////////////////////////////
                              984 InstrumentToggleEvent macro event
                              985   if (@DEF('USE_INSTRUMENTATION'))
                              986     extern FInstrumentToggleEvent
                              987     jsr PushA
                              988     move #>event,a
                              989     jsr FInstrumentToggleEvent
                              990     jsr PopA
                              991   endif 
                              992   endm
                               19 ;*********************************************************************************
                               20 ;       External Definitions
                               21 ;*********************************************************************************
                               29 ;*********************************************************************************
                               30 ;       External References
                               31 ;*********************************************************************************
Y:0000                         33         org y,".shortdata@ADPCM_BitStream_Decoder",OVERLAY,NEAR:
Y:0000 RESERVED                35 Dec_Const_0000ff        ds          1
Y:0000
Y:0001 RESERVED                36 DecByteState            ds          1
Y:0001
                               42 ;*********************************************************************************
                               43 ;       P memory
                               44 ;*********************************************************************************
P:0000                         45     org p,"ADPCM_BitStream_Decoder_P":
                               47 ;///////////////////////////////////////////////////////////////////////////////
                               48 ;
                               49 ;>   Name:  ReadByteData
                               50 ;
                               51 ;    Type:      Function
                               52 ;
                               53 ;       int ReadByteData()
                               54 ;
                               55 ;    Description:       Reads Byte of data from input stream buffer.
                               56 ;                       Maintains internal state to track the bytes of data.
                               57 ;
                               58 ;    Inputs:            Implicit
                               59 ;    Outputs:           
                               60 ;                       A1: Contains the extracted byte
                               61 ;    Notes:
                               62 ;                       Registers trashed : x0,y0,A. 
                               63 ;                       r0 is updated if required.
                               64 ;///////////////////////////////////////////////////////////////////////////////
                               66 ReadByteData
P:0000 4E8000r        2    2   67     move  y:<Dec_Const_0000ff,y0
P:0001 5E8000r        2    4   68     move  y:<DecByteState,A
P:0002 4C8003r        2    6   69     tst   A     y:<Const_000001,x0
P:0003 0AF0AA rrrrrr  6   12   70     jeq   _Bytezero
P:0005 4C8045r        2   14   71     cmp   x0,A  y:<Const_000002,x0
P:0006 0AF0AA rrrrrr  6   20   72     jeq   _ByteOne
P:0008 4C0000r        2   22   73     move  x0,y:<DecByteState
P:0009 44D800         2   24   74     move  x:(r0)+,x0
P:000A 0110D0         2   26   75     mpy   x0,#16,A
P:000B 260056         2   28   76     and   y0,A  #0,y0
P:000C 4E0000r        2   30   77     move  y0,y:<DecByteState
P:000D 00000C         4   34   78     rts        
                               79          
                               80         
                               81 _Bytezero
P:000E 56E000         2   36   82     move  x:(r0),A
P:000F 4C0056r        2   38   83     and   y0,A      x0,y:<DecByteState
P:0010 00000C         4   42   84     rts
                               86         
                               87 _ByteOne        
P:0011 4C0000r        2   44   88     move  x0,y:<DecByteState
P:0012 44E000         2   46   89     move  x:(r0),x0
P:0013 0108D0         2   48   90     mpy   x0,#8,A
P:0014 200056         2   50   91     and   y0,A  
P:0015 00000C         4   54   92     rts        
                               95 ;///////////////////////////////////////////////////////////////////////////////
TASKING DSP2410 assembler v1.5r1 Build 138 SN 00100122
                                                                                                                                                                                                                                                       Page   5

M:ADDR CODE           CYCLES LINE SOURCELINE
                               96 ;
                               97 ;>   Name:  ReadSWordData
                               98 ;
                               99 ;    Type:      Function
                              100 ;
                              101 ;       int ReadSWordData()
                              102 ;
                              103 ;    Description: Reads a signed word of data from input stream buffer.
                              104 ;                       Maintains internal state to track the bytes of data.
                              105 ;
                              106 ;    Inputs:            Implicit
                              107 ;    Outputs:           
                              108 ;                       A: Contains the extracted signed word
                              109 ;    Notes:
                              110 ;                       Registers trashed : x0,y0,A. 
                              111 ;                       r0 is updated if required.
                              112 ;///////////////////////////////////////////////////////////////////////////////
                              113 ReadSWordData
P:0016 0BF080 rrrrrr  6   60  114     jsr  ReadByteData
P:0018 218F00         2   62  115     move A1,B
P:0019 0BF080 rrrrrr  6   68  116     jsr  ReadByteData
P:001B 218400         2   70  117     move A1,x0
P:001C 0110D0         2   72  118     mpy  x0,#16,A
P:001D 210400         2   74  119     move A0,x0
P:001E 4C804Ar        2   76  120     or   x0,B       y:<Const_008000,x0
P:001F 21EE4E         2   78  121     and  x0,B       B,A
P:0020 20003A         2   80  122     asl  B
P:0021 200014         2   82  123     sub  B,A
P:0022 00000C         4   86  124     rts
                              126 ;///////////////////////////////////////////////////////////////////////////////
                              127 ;
                              128 ;>   Name:  ReadS24WordData
                              129 ;
                              130 ;    Type:      Function
                              131 ;
                              132 ;       int ReadS24WordData()
                              133 ;
                              134 ;    Description: Reads a signed word of data from input stream buffer.
                              135 ;                       Maintains internal state to track the bytes of data.
                              136 ;
                              137 ;    Inputs:            Implicit
                              138 ;    Outputs:           
                              139 ;                       A: Contains the extracted signed word
                              140 ;    Notes:
                              141 ;                       Registers trashed : x0,y0,A. 
                              142 ;                       r0 is updated if required.
                              143 ;///////////////////////////////////////////////////////////////////////////////
                              145 ReadS24WordData
P:0023 0BF080 rrrrrr  6   92  146     jsr  ReadByteData
P:0025 218F00         2   94  147     move A1,B
P:0026 0BF080 rrrrrr  6  100  148     jsr  ReadByteData
P:0028 218400         2  102  149     move A1,x0
P:0029 0110D0         2  104  150     mpy  x0,#16,A
P:002A 210400         2  106  151     move A0,x0
P:002B 20004A         2  108  152     or   x0,B       
P:002C 0BF080 rrrrrr  6  114  153     jsr  ReadByteData
P:002E 218400         2  116  154     move A1,x0
P:002F 0108D0         2  118  155     mpy  x0,#8,A
P:0030 210400         2  120  156     move A0,x0
P:0031 20004A         2  122  157     or   x0,B       
P:0032 21AE00         2  124  158     move B1,A           
P:0033 00000C         4  128  159     rts
                              163     endsec
