TASKING DSP2410 assembler v1.5r1 Build 138 SN 00100122
                                                                                                                                                                                                                                                       Page   1
C:\STMP3XXX_SDK_FIRMWARE_320_finalfix\Projects\SDK\lcdexample\usbmsc\Make\cc8730eb.src
M:ADDR CODE           CYCLES LINE SOURCELINE
                                1 ; TASKING DSP2410 C compiler v1.5r1 Build 208 SN 00100122
                                2 ; options: -OG -si -w68 -w66 -I..\output_3500\include
                                3 ;          -I..\..\..\..\..\Projects\sdk\lcdexample\usbmsc -I -I..\..
                                4 ;          -I..\..\..\..\..\inc -I..\..\..\..\..\System\Common
                                5 ;          -I..\..\..\..\..\System\Common\symbols -I
                                6 ;          -I..\..\..\..\..\Algorithms\DRM\janus\src\h
                                7 ;          -I..\..\..\..\..\devicedriver\media\ddildl
                                8 ;          -I..\..\..\..\..\devicedriver\media\ddildl\include
                                9 ;          -I..\..\..\..\..\devicedriver\media\MediaTypeMMC\DDI\include
                               10 ;          -I..\..\..\..\..\devicedriver\media\ddildl\include
                               11 ;          -I..\..\..\..\..\devicedriver\media\MediaTypeMMC\DDI\include
                               12 ;          -I..\..\..\..\..\devicedriver\media\MediaTypeMMC\DDI\Media
                               13 ;          -I..\..\..\..\..\devicedriver\media\MediaTypeMMC\HAL\include
                               14 ;          -I..\..\..\..\..\devicedriver\media\MediaTypeRAM\include
                               15 ;          -I..\..\..\..\..\devicedriver\media\MediaTypeRAM\DDI\DataDrive\include
                               16 ;          -I..\..\..\..\..\devicedriver\media\MediaTypeRAM\DDI\include
                               17 ;          -I..\..\..\..\..\devicedriver\media\MediaTypeRAM\HAL\include
                               18 ;          -I..\..\..\..\..\devicedriver\media\MediaTypeRAM\DDI\DataDrive
                               19 ;          -I..\..\..\..\..\devicedriver\media\MediaTypeRAM\include
                               20 ;          -I..\..\..\..\..\devicedriver\media\MediaTypeRAM\DDI\SystemDrive\include
                               21 ;          -I..\..\..\..\..\devicedriver\media\MediaTypeRAM\DDI\include
                               22 ;          -I..\..\..\..\..\devicedriver\media\MediaTypeRAM\HAL\include
                               23 ;          -I..\..\..\..\..\devicedriver\media\MediaTypeRAM\DDI\SystemDrive
                               24 ;          -I..\..\..\..\..\devicedriver\media\MediaTypeRAM\include
                               25 ;          -I..\..\..\..\..\devicedriver\media\MediaTypeRAM\DDI\Media\include
                               26 ;          -I..\..\..\..\..\devicedriver\media\MediaTypeRAM\DDI\include
                               27 ;          -I..\..\..\..\..\devicedriver\media\MediaTypeRAM\HAL\include
                               28 ;          -I..\..\..\..\..\devicedriver\media\MediaTypeRAM\DDI\Media
                               29 ;          -I..\..\..\..\..\devicedriver\media\MediaTypeRAM\include
                               30 ;          -I..\..\..\..\..\devicedriver\media\MediaTypeRAM\DDI\include
                               31 ;          -I..\..\..\..\..\devicedriver\media\MediaTypeRAM\HAL\include
                               32 ;          -I..\..\..\..\..\devicedriver\media\MediaTypeNAND\include
                               33 ;          -I..\..\..\..\..\devicedriver\media\MediaTypeNAND\DDI\DataDrive\include
                               34 ;          -I..\..\..\..\..\devicedriver\media\MediaTypeNAND\DDI\include
                               35 ;          -I..\..\..\..\..\devicedriver\media\MediaTypeNAND\HAL\include
                               36 ;          -I..\..\..\..\..\devicedriver\media\MediaTypeNAND\DDI\DataDrive
                               37 ;          -I..\..\..\..\..\devicedriver\media\ddildl\include -I
                               38 ;          -I..\..\..\..\..\FileSystem\Fat32\cmp\cmp_stdtype
                               39 ;          -I..\..\..\..\..\FileSystem\Fat32\cmp\cmp_debug
                               40 ;          -I..\..\..\..\..\FileSystem\Fat32\cmp\cmp_file_system
                               41 ;          -I..\..\..\..\..\DeviceDriver\Media\cmp\cmp_media_nand
                               42 ;          -I..\..\..\..\..\devicedriver\media\MediaTypeNAND\include
                               43 ;          -I..\..\..\..\..\devicedriver\media\MediaTypeNAND\DDI\Common\include
                               44 ;          -I..\..\..\..\..\devicedriver\media\MediaTypeNAND\DDI\include
                               45 ;          -I..\..\..\..\..\devicedriver\media\MediaTypeNAND\HAL\include
                               46 ;          -I..\..\..\..\..\devicedriver\media\MediaTypeNAND\DDI\Common
                               47 ;          -I..\..\..\..\..\devicedriver\media\MediaTypeNAND\include
                               48 ;          -I..\..\..\..\..\devicedriver\media\MediaTypeNAND\DDI\SystemDrive\include
                               49 ;          -I..\..\..\..\..\devicedriver\media\MediaTypeNAND\DDI\include
                               50 ;          -I..\..\..\..\..\devicedriver\media\MediaTypeNAND\HAL\include
                               51 ;          -I..\..\..\..\..\devicedriver\media\MediaTypeNAND\DDI\SystemDrive
                               52 ;          -I..\..\..\..\..\devicedriver\media\MediaTypeNAND\include
                               53 ;          -I..\..\..\..\..\devicedriver\media\MediaTypeNAND\DDI\Media\include
                               54 ;          -I..\..\..\..\..\devicedriver\media\MediaTypeNAND\DDI\include
                               55 ;          -I..\..\..\..\..\devicedriver\media\MediaTypeNAND\HAL\include
                               56 ;          -I..\..\..\..\..\devicedriver\media\MediaTypeNAND\DDI\Media
                               57 ;          -I..\..\..\..\..\devicedriver\media\include
                               58 ;          -I..\..\..\..\..\devicedriver\media\ddildl
                               59 ;          -I..\..\..\..\..\devicedriver\media\ddildl\include
                               60 ;          -I..\..\..\..\..\devicedriver\media\MediaTypeNAND\DDI\Common\include
                               61 ;          -I..\..\..\..\..\devicedriver\media\MediaTypeNAND\DDI\include
                               62 ;          -I..\..\..\..\..\DeviceDriver\Media\MediaTypeNAND\HAL
                               63 ;          -I..\..\..\..\..\DeviceDriver\Media\MediaTypeNAND\HAL\include
                               64 ;          -I..\..\..\..\..\DeviceDriver\Media\include
                               65 ;          -I..\..\..\..\..\DeviceDriver\Media\PortHIL\GPFlash\include
                               66 ;          -I..\..\..\..\..\DeviceDriver\Media\PortHIL\GPFlash
                               67 ;          -I..\..\..\..\..\system\common\resourcemanager -I..\..\..\..\..\inc
                               68 ;          -I..\..\..\..\..\DeviceDriver\Media\usb\Ch9
                               69 ;          -I..\..\..\..\..\DeviceDriver\Media\scsi
                               70 ;          -I..\..\..\..\..\DeviceDriver\Media\usbmsc
                               71 ;          -I..\..\..\..\..\DeviceDriver\Media\mtp
                               72 ;          -I..\..\..\..\..\System\Common\updater
                               73 ;          -I..\..\..\..\..\libsource\sysserialnumber -DALL -DD3500 -DMMC
                               74 ;          -DLIION -DTUNER_STFM1000 -DSTFM1000_LCD=TRUE -DDCDC_POWER_TRANSFER
                               75 ;          -DBACKLIGHT -DWMAAPI_NO_DRM -DREVB_ENGR_BD -DSED15XX_LCD -DFAT16
                               76 ;          -DDEVICE_3500 -DENGR_BD -DUSBMSC_BUILD -DBATTERY_TYPE_LI_ION
                               77 ;          -DBATTERY_CHARGE -DUSE_PLAYLIST3_HOST -DASCII_ONLY -DRETAIL
                               78 ;          -DDEVICE_3500 -DMMC -Dk_opt_performance_enhancement
                               79 ;          -I..\..\..\..\..\devicedriver\display
                               80 ;          -I..\..\..\..\..\System\MsgModules\Hardware\Display -g -O2 -R -Cs
                               81 ;          -MmyL
                               82 
                               90 
                               91 ;icoll_invalidve:
                               92 ; 1    |// Filename: icoll_invalidvector.c
                               93 ; 2    |// Copyright (c) SigmaTel, Inc. 2001-2005
                               94 ; 3    |//
                               95 ; 4    |#include "types.h"
                               96 
                               98 
                               99 ; 1    |////////////////////////////////////////////////////////////////////////////////
                              100 ; 2    |// Copyright(C) SigmaTel, Inc. 2000-2004
                              101 ; 3    |//
                              102 ; 4    |// Filename: types.h
                              103 ; 5    |// Description: Standard data types
                              104 ; 6    |////////////////////////////////////////////////////////////////////////////////
                              105 ; 7    |
                              106 ; 8    |#ifndef _TYPES_H
                              107 ; 9    |#define _TYPES_H
                              108 ; 10   |
                              109 ; 11   |// TODO:  move this outta here!
                              110 ; 12   |#if !defined(NOERROR)
                              111 ; 13   |#define NOERROR 0
                              112 ; 14   |#define SUCCESS 0
                              113 ; 15   |#endif 
                              114 ; 16   |#if !defined(SUCCESS)
                              115 ; 17   |#define SUCCESS  0
                              116 ; 18   |#endif
                              117 ; 19   |#if !defined(ERROR)
                              118 ; 20   |#define ERROR   -1
                              119 ; 21   |#endif
                              120 ; 22   |#if !defined(FALSE)
                              121 ; 23   |#define FALSE 0
                              122 ; 24   |#endif
                              123 ; 25   |#if !defined(TRUE)
                              124 ; 26   |#define TRUE  1
                              125 ; 27   |#endif
                              126 ; 28   |
                              127 ; 29   |#if !defined(NULL)
                              128 ; 30   |#define NULL 0
                              129 ; 31   |#endif
                              130 ; 32   |
                              131 ; 33   |#define MAX_INT     0x7FFFFF
                              132 ; 34   |#define MAX_LONG    0x7FFFFFffffff
                              133 ; 35   |        // max positive unsigned long value: -1 == 0xFFFFFFffffff
                              134 ; 36   |#define MAX_ULONG   (-1) 
                              135 ; 37   |
                              136 ; 38   |#define WORD_SIZE   24              // word size in bits
                              137 ; 39   |#define BYTES_PER_WORD 3            // 8 bit bytes
                              138 ; 40   |
                              139 ; 41   |
                              140 ; 42   |#define BYTE    unsigned char       // btVarName
                              141 ; 43   |#define CHAR    signed char         // cVarName
                              142 ; 44   |#define USHORT  unsigned short      // usVarName
                              143 ; 45   |#define SHORT   unsigned short      // sVarName
                              144 ; 46   |#define WORD    unsigned int        // wVarName
                              145 ; 47   |#define INT     signed int          // iVarName
                              146 ; 48   |#define DWORD   unsigned long       // dwVarName
                              147 ; 49   |#define LONG    signed long         // lVarName
                              148 ; 50   |#define BOOL    unsigned int        // bVarName
                              149 ; 51   |#define FRACT   _fract              // frVarName
                              150 ; 52   |#define LFRACT  long _fract         // lfrVarName
                              151 ; 53   |#define CIRC    _circ               // cp<type prefix>VarName (see below)
                              152 ; 54   |#define FLOAT   float               // fVarName
                              153 ; 55   |#define DBL     double              // dVarName
                              154 ; 56   |#define ENUM    enum                // eVarName
                              155 ; 57   |#define CMX     _complex            // cmxVarName
                              156 ; 58   |typedef WORD UCS3;                   // 
                              157 ; 59   |
                              158 ; 60   |#define UINT16  unsigned short
                              159 ; 61   |#define UINT8   unsigned char   
                              160 ; 62   |#define UINT32  unsigned long
                              161 ; 63   |#define UINT64  unsigned long   // need to figure out how to do 64 bit values.  Or port exisiting code to only use 48 bit
                              162 ; 64   |#define INT64   unsigned long   // need to figure out how to do 64 bit values.  Or port exisiting code to only use 48 bit
                              163 ; 65   |#define WCHAR   UINT16
                              164 ; 66   |
                              165 ; 67   |//UINT128 is 16 bytes or 6 words
                              166 ; 68   |typedef struct UINT128_3500 {   
                              167 ; 69   |    int val[6];     
                              168 ; 70   |} UINT128_3500;
                              169 ; 71   |
                              170 ; 72   |#define UINT128   UINT128_3500
                              171 ; 73   |
                              172 ; 74   |// Little endian word packed byte strings:   
                              173 ; 75   |//      _packed BYTE bTextVarName[]="a string";  bText is a packed byte string prefix
                              174 ; 76   |// Convert to big endian words by reordering bytes from high to low using swizzle.
                              175 ; 77   |// Little endian word packed byte strings:   
                              176 ; 78   |//      _packed BYTE bTextVarName[]="a string";  bText is a packed byte string prefix
                              177 ; 79   |// Convert to big endian words by reordering bytes from high to low using swizzle.
                              178 ; 80   |
                              179 ; 81   |// Declare Memory Spaces To Use When Coding
                              180 ; 82   |// A. Sector Buffers
                              181 ; 83   |#define SECTOR_BUFFER_MEM_X _X
                              182 ; 84   |#define SECTOR_BUFFER_MEM_Y _Y
                              183 ; 85   |#define SECTOR_BUFFER_MEM SECTOR_BUFFER_MEM_X
                              184 ; 86   |typedef WORD SECTOR_BUFFER_MEM SECTOR_BUFFER;
                              185 
                              187 
                              188 ; 87   |typedef SECTOR_BUFFER * P_SECTOR_BUFFER;
                              189 ; 88   |// B. Media DDI Memory
                              190 ; 89   |#define MEDIA_DDI_MEM _Y
                              191 ; 90   |
                              192 ; 91   |
                              193 ; 92   |
                              194 ; 93   |// Pointers to linear structures are labeled as: p<type prefix>VarName
                              195 ; 94   |// Examples of circular pointers:
                              196 ; 95   |//    INT CIRC cpiVarName
                              197 ; 96   |//    DWORD CIRC cpdwVarName
                              198 ; 97   |
                              199 ; 98   |#define RETCODE INT                 // rcVarName
                              200 ; 99   |
                              201 ; 100  |// generic bitfield structure
                              202 ; 101  |struct Bitfield {
                              203 ; 102  |    unsigned int B0  :1;
                              204 ; 103  |    unsigned int B1  :1;
                              205 ; 104  |    unsigned int B2  :1;
                              206 ; 105  |    unsigned int B3  :1;
                              207 ; 106  |    unsigned int B4  :1;
                              208 ; 107  |    unsigned int B5  :1;
                              209 ; 108  |    unsigned int B6  :1;
                              210 ; 109  |    unsigned int B7  :1;
                              211 ; 110  |    unsigned int B8  :1;
                              212 ; 111  |    unsigned int B9  :1;
                              213 ; 112  |    unsigned int B10 :1;
                              214 ; 113  |    unsigned int B11 :1;
                              215 ; 114  |    unsigned int B12 :1;
                              216 ; 115  |    unsigned int B13 :1;
                              217 ; 116  |    unsigned int B14 :1;
                              218 ; 117  |    unsigned int B15 :1;
                              219 ; 118  |    unsigned int B16 :1;
                              220 ; 119  |    unsigned int B17 :1;
                              221 ; 120  |    unsigned int B18 :1;
                              222 ; 121  |    unsigned int B19 :1;
                              223 ; 122  |    unsigned int B20 :1;
                              224 ; 123  |    unsigned int B21 :1;
                              225 ; 124  |    unsigned int B22 :1;
                              226 ; 125  |    unsigned int B23 :1;
                              227 ; 126  |};
                              228 ; 127  |
                              229 ; 128  |union BitInt {
                              230 ; 129  |        struct Bitfield B;
                              231 ; 130  |        int        I;
                              232 ; 131  |};
                              233 ; 132  |
                              234 ; 133  |#define MAX_MSG_LENGTH 10
                              235 ; 134  |struct CMessage
                              236 ; 135  |{
                              237 ; 136  |        unsigned int m_uLength;
                              238 ; 137  |        unsigned int m_uMsg[MAX_MSG_LENGTH];
                              239 ; 138  |};
                              240 ; 139  |
                              241 ; 140  |typedef struct {
                              242 ; 141  |    WORD m_wLength;
                              243 ; 142  |    WORD m_wMessage;
                              244 ; 143  |    WORD m_wParams[MAX_MSG_LENGTH];
                              245 ; 144  |} Message;
                              246 ; 145  |
                              247 ; 146  |struct MessageQueueDescriptor
                              248 ; 147  |{
                              249 ; 148  |        int *m_pBase;
                              250 ; 149  |        int m_iModulo;
                              251 ; 150  |        int m_iSize;
                              252 ; 151  |        int *m_pHead;
                              253 ; 152  |        int *m_pTail;
                              254 ; 153  |};
                              255 ; 154  |
                              256 ; 155  |struct ModuleEntry
                              257 ; 156  |{
                              258 ; 157  |    int m_iSignaledEventMask;
                              259 ; 158  |    int m_iWaitEventMask;
                              260 ; 159  |    int m_iResourceOfCode;
TASKING DSP2410 assembler v1.5r1 Build 138 SN 00100122
                                                                                                                                                                                                                                                       Page   2

M:ADDR CODE           CYCLES LINE SOURCELINE
                              261 ; 160  |    struct MessageQueueDescriptor *m_pMessageQueue;
                              262 ; 161  |    int _asmfunc (*m_pProcessEntryPoint)(union WaitMask Signals,struct MessageQueueDescriptor *);
                              263 ; 162  |    int _asmfunc (*m_pInitFunction)(struct MessageQueueDescriptor *);
                              264 ; 163  |    int m_uTimeOutHigh;
                              265 ; 164  |    int m_uTimeOutLow;
                              266 ; 165  |    int _asmfunc (*m_pBackgroundFunction)(struct MessageQueueDescriptor *);
                              267 ; 166  |};
                              268 ; 167  |
                              269 ; 168  |union WaitMask{
                              270 ; 169  |    struct B{
                              271 ; 170  |        unsigned int m_bNone     :1;
                              272 ; 171  |        unsigned int m_bMessage  :1;
                              273 ; 172  |        unsigned int m_bTimer    :1;
                              274 ; 173  |        unsigned int m_bButton   :1;
                              275 ; 174  |    } B;
                              276 ; 175  |    int I;
                              277 ; 176  |} ;
                              278 ; 177  |
                              279 ; 178  |
                              280 ; 179  |struct Button {
                              281 ; 180  |        WORD wButtonEvent;
                              282 ; 181  |        WORD wUnused[MAX_MSG_LENGTH];   
                              283 ; 182  |};
                              284 ; 183  |
                              285 ; 184  |struct Message {
                              286 ; 185  |        WORD wMsgLength;
                              287 ; 186  |        WORD wMsgCommand;
                              288 ; 187  |        WORD wMsgParms[MAX_MSG_LENGTH-1];
                              289 ; 188  |};
                              290 ; 189  |
                              291 ; 190  |union EventTypes {
                              292 ; 191  |        struct CMessage msg;
                              293 ; 192  |        struct Button Button ;
                              294 ; 193  |        struct Message Message;
                              295 ; 194  |};
                              296 ; 195  |
                              297 ; 196  |// next 2 used to get updater build to return correct protocol ver in scsi response.
                              298 ; 197  |#define BUILD_TYPE_UPDATER  0x100
                              299 ; 198  |#define BUILD_TYPE_HOSTLINK 0x101
                              300 ; 199  |#define BUILD_TYPE_PLAYER   0x102
                              301 ; 200  |
                              302 ; 201  |// Resets part if RETAIL build. DEBUG build executes debug instruction to halt.
                              303 ; 202  |#define SystemHalt() __asm(" include 'sysmacro.asm' \n error") 
                              304 ; 203  |#define assert(x)    if(!(x)) __asm(" include 'sysmacro.asm' \n error")
                              305 ; 204  |
                              306 ; 205  |#if DEBUG
                              307 ; 206  |// For DEBUG builds, DebugBuildAssert(condition) halts if condition evaluates to FALSE. 
                              308 ; 207  |#define DebugBuildAssert(x)    if(!(x)) __asm(" debug ")
                              309 ; 208  |#else 
                              310 ; 209  |// For RETAIL builds, DebugBuildAssert(condition) does nothing & execution continues rather than halt or reset. 
                              311 ; 210  |#define DebugBuildAssert(x)    
                              312 ; 211  |#endif
                              313 ; 212  |
                              314 ; 213  |// Do this in your C files to make a reminder that's displayed during the build.
                              315 ; 214  |//  #pragma asm
                              316 ; 215  |//  WARN 'Note to builder: reminder to do this after verifying that'
                              317 ; 216  |//  #pragma endasm
                              318 ; 217  |
                              319 ; 218  |
                              320 ; 219  |#ifdef COLOR_262K
                              321 ; 220  |#define RGB(r,g,b)    ((0x0000FC & (r)) << 10) | ((0x0000FC & (g)) << 4) | ((0x0000FC & (b)) >> 2)    //262k
                              322 ; 221  |#elif defined(COLOR_65K)
                              323 ; 222  |#define RGB(r,g,b)    ((0x0000F8 & (r)) << 8) | ((0x0000FC & (g)) << 3) | ((0x0000F8 & (b)) >> 3)  //65k
                              324 ; 223  |#else
                              325 ; 224  |#define RGB(r,g,b)       ((0x0000F0 & (r)) << 4) | (0x0000F0 & (g)) | ((0x0000F0 & (b)) >> 4)
                              326 ; 225  |#endif
                              327 ; 226  |    
                              328 ; 227  |#endif // #ifndef _TYPES_H
                              329 
                              331 
                              332 ; 5    |
                              333 ; 6    |// Description: Plan is to only call this in a DEBUG build as the default ISR. 
                              334 ; 7    |//              RETAIL builds call FatalError to reset instead of this.
                              335 ; 8    |//              
                              336 ; 9    |_reentrant void IcollInvalidVector(void)
                              337 ; 10   |{
                              338 
P:0000                        339         org     p,".ptexticoll_invalidvector":
                              344 FIcollInvalidVector:
                              345 
                              346 ; 11   |#if 1
                              347 ; 12   |    assert(0); // warning: this resets the SOC in RETAIL builds (assert->error->FatalError|debug). 
                              348 
                              350 
                              351 ; Start __asm() call number 1
                              353  error
P:0000 0C000C         4    4  353     jmp $000C ;Use vector at P:000C to shutdown & restart the STMP device. 
                              353               ; Jmp to addr in low 12 bits is 1 word smaller than jsr. (changed apr 6 '05)
                              354 ; End   __asm() call number 1
                              355 
                              356 ; 13   |    // Verified for MTP re-enumation. Halts with debug instr in DEBUG builds.
                              357 ; 14   |    // Instead of reset, we could just do nothing and return in RETAIL builds, 
                              358 ; 15   |    // but ISR may be high frequency so we chose to reset. 
                              359 ; 16   |#else
                              360 ; 17   |    // halts in DEBUG builds as did previous version.
                              361 ; 18   |    DebugBuildAssert(0); // vanishes to do nothing and return in RETAIL builds. (ignoring unassigned interrupt & returning to foreground)
                              362 ; 19   |    __asm(" nop ");
                              363 ; 20   |    __asm(" rti ");  // return from interrupt. 
                              364 ; 21   |    // We need this rti to return in RETAIL case if this handler is not registered with the compiler as an ISR.
                              365 ; 22   |    // If you change the SDK to register this function as an ISR, then comment out the rti above.
                              366 ; 23   |    // Note: It may be fastest to have the vector table blank for unused interrupts in the RETAIL case 
                              367 ; 24   |    // so a handler won't even be called. In moto speak, that's a "fast interrupt" & the ProgCtr returns immediately from the vector table.
                              368 ; 25   |    // But we defaulted the entire table to jsr to this function or to FatalError in RETAIL builds.
                              369 ; 26   |#endif
                              370 ; 27   |}
                              371 
P:0001 00000C         4    8  373         rts
                              375 
                              376 ; 28   |    //If you've halted here in a DEBUG build, it means an interrupt was triggered that didn't have a vector associated with it.  
                              377 ; 29   |    //It could also be because something has gone off in the weeds and jumped to 0 or some low address.  
                              378 ; 30   |    //Look back in the OnCE 5 word Program Counter tracebuffer to see where you came from.
                              379 ; 31   |
                              380 ; 32   |
                              381 
                              383 
                              384         global  FIcollInvalidVector
                              385 
