TASKING DSP2410 assembler v1.5r1 Build 138 SN 00100122
                                                                                                                                                                                                                                                       Page   1
C:\STMP3XXX_SDK_FIRMWARE_320_finalfix\system\hardware\interrupt\ipr.asm
M:ADDR CODE           CYCLES LINE SOURCELINE
                                1 ;///////////////////////////////////////////////////////////////////////////////
                                2 ;  Copyright(C) SigmaTel, Inc. 2000-2001
                                3 ;
                                4 ;  File        : budesc.asm
                                5 ;  Description : STMP3 Buffer Routines (System Routines)
                                6 ;///////////////////////////////////////////////////////////////////////////////
                                8     section IPR
                               10 ;///////////////////////////////////////////////////////////////////////////////
                               11 ;   Macros
                               12 ;///////////////////////////////////////////////////////////////////////////////
                               16     list
                               18 ;///////////////////////////////////////////////////////////////////////////////
                               19 ;   Includes
                               20 ;///////////////////////////////////////////////////////////////////////////////
                               25     list       
                               27 ;///////////////////////////////////////////////////////////////////////////////
                               28 ;   External Definitions
                               29 ;///////////////////////////////////////////////////////////////////////////////
                               30     
                               32     
                               33     
                               34         
                               35 ;///////////////////////////////////////////////////////////////////////////////
                               36 ;   P Memory
                               37 ;///////////////////////////////////////////////////////////////////////////////
P:0000                         38     org p,".ptextipr":
                               40 ;_asmfunc WORD IPRSetIVLPriority(WORD wIVL, WORD wPriority)
                               41 IPRSetIVLPriority
P:0000 46F000 00FFFF  3    3   42     move x:HW_IPR,y0 
P:0002 4C8000r        2    5   43     move y:<Const_000003,x0 
P:0003 4F804Er        2    7   44     and     x0,b    y:<Const_000003,y1
P:0004 21AF00         2    9   45     move    b1,b    
P:0005 208900         2   11   46     move    x0,b0
P:0006 218503         2   13   47     tst a   a1,x1
P:0007 0AF0AA rrrrrr  6   19   48     jeq _norotate
P:0009 06CE20         4   23   49     rep a
P:000A 20003F         2   25   50         rol b
                               51 _norotate
P:000B 557000 00FFFF  3   28   52     move b1,x:HW_IPR
P:000D 00000C         4   32   53     rts
                               55     endsec
