TASKING DSP2410 assembler v1.5r1 Build 138 SN 00100122
                                                                                                                            Page   1
C:\STMP3XXX_SDK_FIRMWARE_320_finalfix\Projects\SDK\lcdexample\usbmsc\Make\cc87374b.src
M:ADDR CODE           CYCLES LINE SOURCELINE
                                1 ; TASKING DSP2410 C compiler v1.5r1 Build 208 SN 00100122
                                2 ; options: -OG -si -w68 -w66 -I..\output_3500\include
                                3 ;          -I..\..\..\..\..\Projects\sdk\lcdexample\usbmsc -I -I..\..
                                4 ;          -I..\..\..\..\..\inc -I..\..\..\..\..\System\Common
                                5 ;          -I..\..\..\..\..\System\Common\symbols -I
                                6 ;          -I..\..\..\..\..\Algorithms\DRM\janus\src\h
                                7 ;          -I..\..\..\..\..\devicedriver\media\ddildl
                                8 ;          -I..\..\..\..\..\devicedriver\media\ddildl\include
                                9 ;          -I..\..\..\..\..\devicedriver\media\MediaTypeMMC\DDI\include
                               10 ;          -I..\..\..\..\..\devicedriver\media\ddildl\include
                               11 ;          -I..\..\..\..\..\devicedriver\media\MediaTypeMMC\DDI\include
                               12 ;          -I..\..\..\..\..\devicedriver\media\MediaTypeMMC\DDI\Media
                               13 ;          -I..\..\..\..\..\devicedriver\media\MediaTypeMMC\HAL\include
                               14 ;          -I..\..\..\..\..\devicedriver\media\MediaTypeRAM\include
                               15 ;          -I..\..\..\..\..\devicedriver\media\MediaTypeRAM\DDI\DataDrive\include
                               16 ;          -I..\..\..\..\..\devicedriver\media\MediaTypeRAM\DDI\include
                               17 ;          -I..\..\..\..\..\devicedriver\media\MediaTypeRAM\HAL\include
                               18 ;          -I..\..\..\..\..\devicedriver\media\MediaTypeRAM\DDI\DataDrive
                               19 ;          -I..\..\..\..\..\devicedriver\media\MediaTypeRAM\include
                               20 ;          -I..\..\..\..\..\devicedriver\media\MediaTypeRAM\DDI\SystemDrive\include
                               21 ;          -I..\..\..\..\..\devicedriver\media\MediaTypeRAM\DDI\include
                               22 ;          -I..\..\..\..\..\devicedriver\media\MediaTypeRAM\HAL\include
                               23 ;          -I..\..\..\..\..\devicedriver\media\MediaTypeRAM\DDI\SystemDrive
                               24 ;          -I..\..\..\..\..\devicedriver\media\MediaTypeRAM\include
                               25 ;          -I..\..\..\..\..\devicedriver\media\MediaTypeRAM\DDI\Media\include
                               26 ;          -I..\..\..\..\..\devicedriver\media\MediaTypeRAM\DDI\include
                               27 ;          -I..\..\..\..\..\devicedriver\media\MediaTypeRAM\HAL\include
                               28 ;          -I..\..\..\..\..\devicedriver\media\MediaTypeRAM\DDI\Media
                               29 ;          -I..\..\..\..\..\devicedriver\media\MediaTypeRAM\include
                               30 ;          -I..\..\..\..\..\devicedriver\media\MediaTypeRAM\DDI\include
                               31 ;          -I..\..\..\..\..\devicedriver\media\MediaTypeRAM\HAL\include
                               32 ;          -I..\..\..\..\..\devicedriver\media\MediaTypeNAND\include
                               33 ;          -I..\..\..\..\..\devicedriver\media\MediaTypeNAND\DDI\DataDrive\include
                               34 ;          -I..\..\..\..\..\devicedriver\media\MediaTypeNAND\DDI\include
                               35 ;          -I..\..\..\..\..\devicedriver\media\MediaTypeNAND\HAL\include
                               36 ;          -I..\..\..\..\..\devicedriver\media\MediaTypeNAND\DDI\DataDrive
                               37 ;          -I..\..\..\..\..\devicedriver\media\ddildl\include -I
                               38 ;          -I..\..\..\..\..\FileSystem\Fat32\cmp\cmp_stdtype
                               39 ;          -I..\..\..\..\..\FileSystem\Fat32\cmp\cmp_debug
                               40 ;          -I..\..\..\..\..\FileSystem\Fat32\cmp\cmp_file_system
                               41 ;          -I..\..\..\..\..\DeviceDriver\Media\cmp\cmp_media_nand
                               42 ;          -I..\..\..\..\..\devicedriver\media\MediaTypeNAND\include
                               43 ;          -I..\..\..\..\..\devicedriver\media\MediaTypeNAND\DDI\Common\include
                               44 ;          -I..\..\..\..\..\devicedriver\media\MediaTypeNAND\DDI\include
                               45 ;          -I..\..\..\..\..\devicedriver\media\MediaTypeNAND\HAL\include
                               46 ;          -I..\..\..\..\..\devicedriver\media\MediaTypeNAND\DDI\Common
                               47 ;          -I..\..\..\..\..\devicedriver\media\MediaTypeNAND\include
                               48 ;          -I..\..\..\..\..\devicedriver\media\MediaTypeNAND\DDI\SystemDrive\include
                               49 ;          -I..\..\..\..\..\devicedriver\media\MediaTypeNAND\DDI\include
                               50 ;          -I..\..\..\..\..\devicedriver\media\MediaTypeNAND\HAL\include
                               51 ;          -I..\..\..\..\..\devicedriver\media\MediaTypeNAND\DDI\SystemDrive
                               52 ;          -I..\..\..\..\..\devicedriver\media\MediaTypeNAND\include
                               53 ;          -I..\..\..\..\..\devicedriver\media\MediaTypeNAND\DDI\Media\include
                               54 ;          -I..\..\..\..\..\devicedriver\media\MediaTypeNAND\DDI\include
                               55 ;          -I..\..\..\..\..\devicedriver\media\MediaTypeNAND\HAL\include
                               56 ;          -I..\..\..\..\..\devicedriver\media\MediaTypeNAND\DDI\Media
                               57 ;          -I..\..\..\..\..\devicedriver\media\include
                               58 ;          -I..\..\..\..\..\devicedriver\media\ddildl
                               59 ;          -I..\..\..\..\..\devicedriver\media\ddildl\include
                               60 ;          -I..\..\..\..\..\devicedriver\media\MediaTypeNAND\DDI\Common\include
                               61 ;          -I..\..\..\..\..\devicedriver\media\MediaTypeNAND\DDI\include
                               62 ;          -I..\..\..\..\..\DeviceDriver\Media\MediaTypeNAND\HAL
TASKING DSP2410 assembler v1.5r1 Build 138 SN 00100122
                                                                                                                            Page   2

M:ADDR CODE           CYCLES LINE SOURCELINE
                               63 ;          -I..\..\..\..\..\DeviceDriver\Media\MediaTypeNAND\HAL\include
                               64 ;          -I..\..\..\..\..\DeviceDriver\Media\include
                               65 ;          -I..\..\..\..\..\DeviceDriver\Media\PortHIL\GPFlash\include
                               66 ;          -I..\..\..\..\..\DeviceDriver\Media\PortHIL\GPFlash
                               67 ;          -I..\..\..\..\..\system\common\resourcemanager -I..\..\..\..\..\inc
                               68 ;          -I..\..\..\..\..\DeviceDriver\Media\usb\Ch9
                               69 ;          -I..\..\..\..\..\DeviceDriver\Media\scsi
                               70 ;          -I..\..\..\..\..\DeviceDriver\Media\usbmsc
                               71 ;          -I..\..\..\..\..\DeviceDriver\Media\mtp
                               72 ;          -I..\..\..\..\..\System\Common\updater
                               73 ;          -I..\..\..\..\..\libsource\sysserialnumber -DALL -DD3500 -DMMC
                               74 ;          -DLIION -DTUNER_STFM1000 -DSTFM1000_LCD=TRUE -DDCDC_POWER_TRANSFER
                               75 ;          -DBACKLIGHT -DWMAAPI_NO_DRM -DREVB_ENGR_BD -DSED15XX_LCD -DFAT16
                               76 ;          -DDEVICE_3500 -DENGR_BD -DUSBMSC_BUILD -DBATTERY_TYPE_LI_ION
                               77 ;          -DBATTERY_CHARGE -DUSE_PLAYLIST3_HOST -DASCII_ONLY -DRETAIL
                               78 ;          -DDEVICE_3500 -DMMC -Dk_opt_performance_enhancement
                               79 ;          -I..\..\..\..\..\devicedriver\display
                               80 ;          -I..\..\..\..\..\System\MsgModules\Hardware\Display -g -O2 -R -Cs
                               81 ;          -MmyL
                               82 
                               90 
                               91 ;kernel_settimeo:
                               92 ; 1    |///////////////////////////////////////////////////////////////////////////////
                               93 ; 2    |//!
                               94 ; 3    |//! \file kernel_settimeout.c
                               95 ; 4    |//! \brief
                               96 ; 5    |//! This implements the Kernel_SetTimeout function used by the kernel.
                               97 ; 6    |//!
                               98 ; 7    |//!
                               99 ; 8    |//! Copyright (c) SigmaTel, Inc. Unpublished
                              100 ; 9    |//!
                              101 ; 10   |//! SigmaTel, Inc.
                              102 ; 11   |//! Proprietary  Confidential
                              103 ; 12   |//!
                              104 ; 13   |//! This source code and the algorithms implemented therein constitute
                              105 ; 14   |//! confidential information and may comprise trade secrets of SigmaTel, Inc.
                              106 ; 15   |//! or its associates, and any use thereof is subject to the terms and
                              107 ; 16   |//! conditions of the Confidential Disclosure Agreement pursuant to which this
                              108 ; 17   |//! source code was originally received.
                              109 ; 18   |//!
                              110 ; 19   |///////////////////////////////////////////////////////////////////////////////
                              111 ; 20   |#include "kernel.h"
                              112 
                              114 
                              115 ; 1    |///////////////////////////////////////////////////////////////////////////////
                              116 ; 2    |///
                              117 ; 3    |/// Filename: kernel.h
                              118 ; 4    |/// Description: 
                              119 ; 5    |///
                              120 ; 6    |///
                              121 ; 7    |/// Copyright (c) SigmaTel, Inc. Unpublished
                              122 ; 8    |///
                              123 ; 9    |/// SigmaTel, Inc.
                              124 ; 10   |/// Proprietary  Confidential
                              125 ; 11   |///
                              126 ; 12   |/// This source code and the algorithms implemented therein constitute
                              127 ; 13   |/// confidential information and may comprise trade secrets of SigmaTel, Inc.
                              128 ; 14   |/// or its associates, and any use thereof is subject to the terms and
                              129 ; 15   |/// conditions of the Confidential Disclosure Agreement pursuant to which this
                              130 ; 16   |/// source code was originally received.
                              131 ; 17   |///
                              132 ; 18   |///////////////////////////////////////////////////////////////////////////////
TASKING DSP2410 assembler v1.5r1 Build 138 SN 00100122
                                                                                                                            Page   3

M:ADDR CODE           CYCLES LINE SOURCELINE
                              133 ; 19   |#ifndef __KERNEL_H
                              134 ; 20   |#define __KERNEL_H
                              135 ; 21   |
                              136 ; 22   |
                              137 ; 23   |#include "types.h"
                              138 
                              140 
                              141 ; 1    |////////////////////////////////////////////////////////////////////////////////
                              142 ; 2    |// Copyright(C) SigmaTel, Inc. 2000-2004
                              143 ; 3    |//
                              144 ; 4    |// Filename: types.h
                              145 ; 5    |// Description: Standard data types
                              146 ; 6    |////////////////////////////////////////////////////////////////////////////////
                              147 ; 7    |
                              148 ; 8    |#ifndef _TYPES_H
                              149 ; 9    |#define _TYPES_H
                              150 ; 10   |
                              151 ; 11   |// TODO:  move this outta here!
                              152 ; 12   |#if !defined(NOERROR)
                              153 ; 13   |#define NOERROR 0
                              154 ; 14   |#define SUCCESS 0
                              155 ; 15   |#endif 
                              156 ; 16   |#if !defined(SUCCESS)
                              157 ; 17   |#define SUCCESS  0
                              158 ; 18   |#endif
                              159 ; 19   |#if !defined(ERROR)
                              160 ; 20   |#define ERROR   -1
                              161 ; 21   |#endif
                              162 ; 22   |#if !defined(FALSE)
                              163 ; 23   |#define FALSE 0
                              164 ; 24   |#endif
                              165 ; 25   |#if !defined(TRUE)
                              166 ; 26   |#define TRUE  1
                              167 ; 27   |#endif
                              168 ; 28   |
                              169 ; 29   |#if !defined(NULL)
                              170 ; 30   |#define NULL 0
                              171 ; 31   |#endif
                              172 ; 32   |
                              173 ; 33   |#define MAX_INT     0x7FFFFF
                              174 ; 34   |#define MAX_LONG    0x7FFFFFffffff
                              175 ; 35   |        // max positive unsigned long value: -1 == 0xFFFFFFffffff
                              176 ; 36   |#define MAX_ULONG   (-1) 
                              177 ; 37   |
                              178 ; 38   |#define WORD_SIZE   24              // word size in bits
                              179 ; 39   |#define BYTES_PER_WORD 3            // 8 bit bytes
                              180 ; 40   |
                              181 ; 41   |
                              182 ; 42   |#define BYTE    unsigned char       // btVarName
                              183 ; 43   |#define CHAR    signed char         // cVarName
                              184 ; 44   |#define USHORT  unsigned short      // usVarName
                              185 ; 45   |#define SHORT   unsigned short      // sVarName
                              186 ; 46   |#define WORD    unsigned int        // wVarName
                              187 ; 47   |#define INT     signed int          // iVarName
                              188 ; 48   |#define DWORD   unsigned long       // dwVarName
                              189 ; 49   |#define LONG    signed long         // lVarName
                              190 ; 50   |#define BOOL    unsigned int        // bVarName
                              191 ; 51   |#define FRACT   _fract              // frVarName
                              192 ; 52   |#define LFRACT  long _fract         // lfrVarName
                              193 ; 53   |#define CIRC    _circ               // cp<type prefix>VarName (see below)
                              194 ; 54   |#define FLOAT   float               // fVarName
                              195 ; 55   |#define DBL     double              // dVarName
TASKING DSP2410 assembler v1.5r1 Build 138 SN 00100122
                                                                                                                            Page   4

M:ADDR CODE           CYCLES LINE SOURCELINE
                              196 ; 56   |#define ENUM    enum                // eVarName
                              197 ; 57   |#define CMX     _complex            // cmxVarName
                              198 ; 58   |typedef WORD UCS3;                   // 
                              199 ; 59   |
                              200 ; 60   |#define UINT16  unsigned short
                              201 ; 61   |#define UINT8   unsigned char   
                              202 ; 62   |#define UINT32  unsigned long
                              203 ; 63   |#define UINT64  unsigned long   // need to figure out how to do 64 bit values.  Or port ex
                                  isiting code to only use 48 bit
                              204 ; 64   |#define INT64   unsigned long   // need to figure out how to do 64 bit values.  Or port ex
                                  isiting code to only use 48 bit
                              205 ; 65   |#define WCHAR   UINT16
                              206 ; 66   |
                              207 ; 67   |//UINT128 is 16 bytes or 6 words
                              208 ; 68   |typedef struct UINT128_3500 {   
                              209 ; 69   |    int val[6];     
                              210 ; 70   |} UINT128_3500;
                              211 ; 71   |
                              212 ; 72   |#define UINT128   UINT128_3500
                              213 ; 73   |
                              214 ; 74   |// Little endian word packed byte strings:   
                              215 ; 75   |//      _packed BYTE bTextVarName[]="a string";  bText is a packed byte string prefix
                              216 ; 76   |// Convert to big endian words by reordering bytes from high to low using swizzle.
                              217 ; 77   |// Little endian word packed byte strings:   
                              218 ; 78   |//      _packed BYTE bTextVarName[]="a string";  bText is a packed byte string prefix
                              219 ; 79   |// Convert to big endian words by reordering bytes from high to low using swizzle.
                              220 ; 80   |
                              221 ; 81   |// Declare Memory Spaces To Use When Coding
                              222 ; 82   |// A. Sector Buffers
                              223 ; 83   |#define SECTOR_BUFFER_MEM_X _X
                              224 ; 84   |#define SECTOR_BUFFER_MEM_Y _Y
                              225 ; 85   |#define SECTOR_BUFFER_MEM SECTOR_BUFFER_MEM_X
                              226 ; 86   |typedef WORD SECTOR_BUFFER_MEM SECTOR_BUFFER;
                              227 
                              229 
                              230 ; 87   |typedef SECTOR_BUFFER * P_SECTOR_BUFFER;
                              231 ; 88   |// B. Media DDI Memory
                              232 ; 89   |#define MEDIA_DDI_MEM _Y
                              233 ; 90   |
                              234 ; 91   |
                              235 ; 92   |
                              236 ; 93   |// Pointers to linear structures are labeled as: p<type prefix>VarName
                              237 ; 94   |// Examples of circular pointers:
                              238 ; 95   |//    INT CIRC cpiVarName
                              239 ; 96   |//    DWORD CIRC cpdwVarName
                              240 ; 97   |
                              241 ; 98   |#define RETCODE INT                 // rcVarName
                              242 ; 99   |
                              243 ; 100  |// generic bitfield structure
                              244 ; 101  |struct Bitfield {
                              245 ; 102  |    unsigned int B0  :1;
                              246 ; 103  |    unsigned int B1  :1;
                              247 ; 104  |    unsigned int B2  :1;
                              248 ; 105  |    unsigned int B3  :1;
                              249 ; 106  |    unsigned int B4  :1;
                              250 ; 107  |    unsigned int B5  :1;
                              251 ; 108  |    unsigned int B6  :1;
                              252 ; 109  |    unsigned int B7  :1;
                              253 ; 110  |    unsigned int B8  :1;
                              254 ; 111  |    unsigned int B9  :1;
                              255 ; 112  |    unsigned int B10 :1;
                              256 ; 113  |    unsigned int B11 :1;
TASKING DSP2410 assembler v1.5r1 Build 138 SN 00100122
                                                                                                                            Page   5

M:ADDR CODE           CYCLES LINE SOURCELINE
                              257 ; 114  |    unsigned int B12 :1;
                              258 ; 115  |    unsigned int B13 :1;
                              259 ; 116  |    unsigned int B14 :1;
                              260 ; 117  |    unsigned int B15 :1;
                              261 ; 118  |    unsigned int B16 :1;
                              262 ; 119  |    unsigned int B17 :1;
                              263 ; 120  |    unsigned int B18 :1;
                              264 ; 121  |    unsigned int B19 :1;
                              265 ; 122  |    unsigned int B20 :1;
                              266 ; 123  |    unsigned int B21 :1;
                              267 ; 124  |    unsigned int B22 :1;
                              268 ; 125  |    unsigned int B23 :1;
                              269 ; 126  |};
                              270 ; 127  |
                              271 ; 128  |union BitInt {
                              272 ; 129  |        struct Bitfield B;
                              273 ; 130  |        int        I;
                              274 ; 131  |};
                              275 ; 132  |
                              276 ; 133  |#define MAX_MSG_LENGTH 10
                              277 ; 134  |struct CMessage
                              278 ; 135  |{
                              279 ; 136  |        unsigned int m_uLength;
                              280 ; 137  |        unsigned int m_uMsg[MAX_MSG_LENGTH];
                              281 ; 138  |};
                              282 ; 139  |
                              283 ; 140  |typedef struct {
                              284 ; 141  |    WORD m_wLength;
                              285 ; 142  |    WORD m_wMessage;
                              286 ; 143  |    WORD m_wParams[MAX_MSG_LENGTH];
                              287 ; 144  |} Message;
                              288 ; 145  |
                              289 ; 146  |struct MessageQueueDescriptor
                              290 ; 147  |{
                              291 ; 148  |        int *m_pBase;
                              292 ; 149  |        int m_iModulo;
                              293 ; 150  |        int m_iSize;
                              294 ; 151  |        int *m_pHead;
                              295 ; 152  |        int *m_pTail;
                              296 ; 153  |};
                              297 ; 154  |
                              298 ; 155  |struct ModuleEntry
                              299 ; 156  |{
                              300 ; 157  |    int m_iSignaledEventMask;
                              301 ; 158  |    int m_iWaitEventMask;
                              302 ; 159  |    int m_iResourceOfCode;
                              303 ; 160  |    struct MessageQueueDescriptor *m_pMessageQueue;
                              304 ; 161  |    int _asmfunc (*m_pProcessEntryPoint)(union WaitMask Signals,struct MessageQueueDescrip
                                  tor *);
                              305 ; 162  |    int _asmfunc (*m_pInitFunction)(struct MessageQueueDescriptor *);
                              306 ; 163  |    int m_uTimeOutHigh;
                              307 ; 164  |    int m_uTimeOutLow;
                              308 ; 165  |    int _asmfunc (*m_pBackgroundFunction)(struct MessageQueueDescriptor *);
                              309 ; 166  |};
                              310 ; 167  |
                              311 ; 168  |union WaitMask{
                              312 ; 169  |    struct B{
                              313 ; 170  |        unsigned int m_bNone     :1;
                              314 ; 171  |        unsigned int m_bMessage  :1;
                              315 ; 172  |        unsigned int m_bTimer    :1;
                              316 ; 173  |        unsigned int m_bButton   :1;
                              317 ; 174  |    } B;
TASKING DSP2410 assembler v1.5r1 Build 138 SN 00100122
                                                                                                                            Page   6

M:ADDR CODE           CYCLES LINE SOURCELINE
                              318 ; 175  |    int I;
                              319 ; 176  |} ;
                              320 ; 177  |
                              321 ; 178  |
                              322 ; 179  |struct Button {
                              323 ; 180  |        WORD wButtonEvent;
                              324 ; 181  |        WORD wUnused[MAX_MSG_LENGTH];   
                              325 ; 182  |};
                              326 ; 183  |
                              327 ; 184  |struct Message {
                              328 ; 185  |        WORD wMsgLength;
                              329 ; 186  |        WORD wMsgCommand;
                              330 ; 187  |        WORD wMsgParms[MAX_MSG_LENGTH-1];
                              331 ; 188  |};
                              332 ; 189  |
                              333 ; 190  |union EventTypes {
                              334 ; 191  |        struct CMessage msg;
                              335 ; 192  |        struct Button Button ;
                              336 ; 193  |        struct Message Message;
                              337 ; 194  |};
                              338 ; 195  |
                              339 ; 196  |// next 2 used to get updater build to return correct protocol ver in scsi response.
                              340 ; 197  |#define BUILD_TYPE_UPDATER  0x100
                              341 ; 198  |#define BUILD_TYPE_HOSTLINK 0x101
                              342 ; 199  |#define BUILD_TYPE_PLAYER   0x102
                              343 ; 200  |
                              344 ; 201  |// Resets part if RETAIL build. DEBUG build executes debug instruction to halt.
                              345 ; 202  |#define SystemHalt() __asm(" include 'sysmacro.asm' \n error") 
                              346 ; 203  |#define assert(x)    if(!(x)) __asm(" include 'sysmacro.asm' \n error")
                              347 ; 204  |
                              348 ; 205  |#if DEBUG
                              349 ; 206  |// For DEBUG builds, DebugBuildAssert(condition) halts if condition evaluates to FALSE. 
                              350 ; 207  |#define DebugBuildAssert(x)    if(!(x)) __asm(" debug ")
                              351 ; 208  |#else 
                              352 ; 209  |// For RETAIL builds, DebugBuildAssert(condition) does nothing & execution continues rathe
                                  r than halt or reset. 
                              353 ; 210  |#define DebugBuildAssert(x)    
                              354 ; 211  |#endif
                              355 ; 212  |
                              356 ; 213  |// Do this in your C files to make a reminder that's displayed during the build.
                              357 ; 214  |//  #pragma asm
                              358 ; 215  |//  WARN 'Note to builder: reminder to do this after verifying that'
                              359 ; 216  |//  #pragma endasm
                              360 ; 217  |
                              361 ; 218  |
                              362 ; 219  |#ifdef COLOR_262K
                              363 ; 220  |#define RGB(r,g,b)    ((0x0000FC & (r)) << 10) | ((0x0000FC & (g)) << 4) | ((0x0000FC & (b
                                  )) >> 2)    //262k
                              364 ; 221  |#elif defined(COLOR_65K)
                              365 ; 222  |#define RGB(r,g,b)    ((0x0000F8 & (r)) << 8) | ((0x0000FC & (g)) << 3) | ((0x0000F8 & (b)
                                  ) >> 3)  //65k
                              366 ; 223  |#else
                              367 ; 224  |#define RGB(r,g,b)       ((0x0000F0 & (r)) << 4) | (0x0000F0 & (g)) | ((0x0000F0 & (b)) >>
                                   4)
                              368 ; 225  |#endif
                              369 ; 226  |    
                              370 ; 227  |#endif // #ifndef _TYPES_H
                              371 
                              373 
                              374 ; 24   |#include "gettime.h"
                              375 
                              377 
TASKING DSP2410 assembler v1.5r1 Build 138 SN 00100122
                                                                                                                            Page   7

M:ADDR CODE           CYCLES LINE SOURCELINE
                              378 ; 1    |#ifndef __TIME_H
                              379 ; 2    |#define __TIME_H
                              380 ; 3    |
                              381 ; 4    |_callee_save LONG GetTime(void);
                              382 ; 5    |
                              383 ; 6    |#endif
                              384 
                              386 
                              387 ; 25   |#include "sysirq.h"
                              388 
                              390 
                              391 ; 1    |////////////////////////////////////////////////////////////////////////////////
                              392 ; 2    |// Copyright(C) SigmaTel, Inc. 2000-2001
                              393 ; 3    |//
                              394 ; 4    |// Filename: sysirq.h
                              395 ; 5    |// Description: 
                              396 ; 6    |////////////////////////////////////////////////////////////////////////////////
                              397 ; 7    |
                              398 ; 8    |#ifndef _SYSIRQ_H
                              399 ; 9    |#define _SYSIRQ_H
                              400 ; 10   |
                              401 ; 11   |///////////////////////////////////////////////////////////////////////////////
                              402 ; 12   |// Defs
                              403 ; 13   |///////////////////////////////////////////////////////////////////////////////
                              404 ; 14   |
                              405 ; 15   |#define     INTERRUPTS_UNMASK_ALL   0x000000
                              406 ; 16   |
                              407 ; 17   |///////////////////////////////////////////////////////////////////////////////
                              408 ; 18   |// Structure definitions
                              409 ; 19   |///////////////////////////////////////////////////////////////////////////////
                              410 ; 20   |
                              411 ; 21   |///////////////////////////////////////////////////////////////////////////////
                              412 ; 22   |// Prototypes
                              413 ; 23   |///////////////////////////////////////////////////////////////////////////////
                              414 ; 24   |
                              415 ; 25   |WORD _reentrant SysMaskAllInterrupts(void);
                              416 ; 26   |void _reentrant SysUnMaskAllInterrupts(WORD wLevel);
                              417 ; 27   |WORD _reentrant SysGetIrqLevel(void);
                              418 ; 28   |RETCODE _reentrant SysSetIrqLevel(WORD wIrqLevel);
                              419 ; 29   |
                              420 ; 30   |#endif // #ifndef _SYSIRQ_H
                              421 
                              423 
                              424 ; 26   |#include "icoll.h"
                              425 
                              427 
                              428 ; 1    |////////////////////////////////////////////////////////////////////////////////
                              429 ; 2    |// Copyright(C) SigmaTel, Inc. 2002
                              430 ; 3    |//
                              431 ; 4    |// Filename: icoll.h
                              432 ; 5    |// Description: 
                              433 ; 6    |////////////////////////////////////////////////////////////////////////////////
                              434 ; 7    |
                              435 ; 8    |#ifndef _ICOLL_H
                              436 ; 9    |#define _ICOLL_H
                              437 ; 10   |
                              438 ; 11   |///////////////////////////////////////////////////////////////////////////////
                              439 ; 12   |// Defs
                              440 ; 13   |///////////////////////////////////////////////////////////////////////////////
                              441 ; 14   |                                                                                          
                                  
                              442 ; 15   |#define ICOLL_SOURCE_DAC_REFILL                                 (DWORD)0             
TASKING DSP2410 assembler v1.5r1 Build 138 SN 00100122
                                                                                                                            Page   8

M:ADDR CODE           CYCLES LINE SOURCELINE
                              443 ; 16   |#define ICOLL_SOURCE_DAC_UNDERFLOW                              (DWORD)1             
                              444 ; 17   |#define ICOLL_SOURCE_ADC_REFILL                                 (DWORD)2             
                              445 ; 18   |#define ICOLL_SOURCE_ADC_OVERFLOW                               (DWORD)3             
                              446 ; 19   |#define ICOLL_SOURCE_FLASH_DONE                                 (DWORD)4              
                              447 ; 20   |#define ICOLL_SOURCE_COMPACTFLASH_CARD_IRQ                      (DWORD)5              
                              448 ; 21   |#define ICOLL_SOURCE_SMARTMEDIA_TIMEOUT                         (DWORD)6              
                              449 ; 22   |#define ICOLL_SOURCE_SMARTMEDIA_INTERFACE_INVALID_PROGRAMMING   (DWORD)7              
                              450 ; 23   |#define ICOLL_SOURCE_COMPACTFLASH_NO_CARD                       (DWORD)8               
                              451 ; 24   |#define ICOLL_SOURCE_COMPACTFLASH_STATUS_CHANGE                 (DWORD)9               
                              452 ; 25   |#define ICOLL_SOURCE_GPIO_0                                     (DWORD)10               
                              453 ; 26   |#define ICOLL_SOURCE_GPIO_1                                     (DWORD)11               
                              454 ; 27   |#define ICOLL_SOURCE_GPIO_2                                     (DWORD)12                
                              455 ; 28   |#define ICOLL_SOURCE_TIMER_0                                    (DWORD)13                
                              456 ; 29   |#define ICOLL_SOURCE_TIMER_1                                    (DWORD)14                
                              457 ; 30   |#define ICOLL_SOURCE_TIMER_2                                    (DWORD)15                
                              458 ; 31   |#define ICOLL_SOURCE_TIMER_3                                    (DWORD)16                 
                                  
                              459 ; 32   |#define ICOLL_SOURCE_GPIO_3                                     (DWORD)17                 
                                  
                              460 ; 33   |#define ICOLL_SOURCE_SDRAM                                      (DWORD)18                 
                                  
                              461 ; 34   |#define ICOLL_SOURCE_CDI                                        (DWORD)19                 
                                  
                              462 ; 35   |
                              463 ; 36   |#if (defined(DEVICE_3410) || defined(DEVICE_3310))
                              464 ; 37   |
                              465 ; 38   |#define ICOLL_SOURCE_USB_SOF                                    (DWORD)20                 
                                   
                              466 ; 39   |#define ICOLL_SOURCE_USB_SET_INTERFACE_REQUEST                  (DWORD)21                 
                                   
                              467 ; 40   |#define ICOLL_SOURCE_USB_HOST_RESET                             (DWORD)22                 
                                   
                              468 ; 41   |#define ICOLL_SOURCE_USB_ENDPOINT_START                         (DWORD)23
                              469 ; 42   |#define ICOLL_SOURCE_USB_ENDPOINT_0                             (DWORD)23                 
                                   
                              470 ; 43   |#define ICOLL_SOURCE_USB_ENDPOINT_1                             (DWORD)24                 
                                   
                              471 ; 44   |#define ICOLL_SOURCE_USB_ENDPOINT_2                             (DWORD)25                 
                                   
                              472 ; 45   |#define ICOLL_SOURCE_USB_ENDPOINT_3                             (DWORD)26                 
                                   
                              473 ; 46   |#define ICOLL_SOURCE_USB_ENDPOINT_4                             (DWORD)27                 
                                   
                              474 ; 47   |#define ICOLL_SOURCE_USB_ENDPOINT_5                             (DWORD)28                 
                                     
                              475 ; 48   |#define ICOLL_SOURCE_USB_ENDPOINT_6                             (DWORD)29                 
                                     
                              476 ; 49   |#define ICOLL_SOURCE_USB_ENDPOINT_7                             (DWORD)30                 
                                     
                              477 ; 50   |
                              478 ; 51   |#else
                              479 ; 52   |
                              480 ; 53   |#define ICOLL_SOURCE_VDD_5V_CONNECTED                           (DWORD)20                 
                                   
                              481 ; 54   |#define ICOLL_SOURCE_USB_CONTROLLER                             (DWORD)21                 
                                   
                              482 ; 55   |#define ICOLL_SOURCE_USB_WAKEUP                                 (DWORD)22                 
                                   
                              483 ; 56   |#define ICOLL_SOURCE_VDD_5V_DISCONNECTED                        (DWORD)23
                              484 ; 57   |#define ICOLL_SOURCE_ESPI                                       (DWORD)24                 
                                   
TASKING DSP2410 assembler v1.5r1 Build 138 SN 00100122
                                                                                                                            Page   9

M:ADDR CODE           CYCLES LINE SOURCELINE
                              485 ; 58   |#define ICOLL_SOURCE_FILCO                                      (DWORD)25                 
                                   
                              486 ; 59   |#define ICOLL_SOURCE_LRADC1                                     (DWORD)26                 
                                   
                              487 ; 60   |#define ICOLL_SOURCE_RTC_ALARM                                  (DWORD)27                 
                                   
                              488 ; 61   |#define ICOLL_SOURCE_LRADC2                                     (DWORD)28                 
                                   
                              489 ; 62   |#define ICOLL_SOURCE_FLASH_ECC                                  (DWORD)29                 
                                     
                              490 ; 63   |
                              491 ; 64   |#endif
                              492 ; 65   |
                              493 ; 66   |#define ICOLL_SOURCE_CDSYNC                                     (DWORD)31                 
                                     
                              494 ; 67   |#define ICOLL_SOURCE_CDSYNC_EXCEPTION                           (DWORD)32                 
                                      
                              495 ; 68   |#define ICOLL_SOURCE_REED_SOLOMON                               (DWORD)33
                              496 ; 69   |#define ICOLL_END_OF_TRUE_SOURCES                                ICOLL_SOURCE_REED_SOLOMON
                                  
                              497 ; 70   |// The rest of these "sources" are not really ICOLL sources.  They are not
                              498 ; 71   |//  routed through the ICOLL but are included here to make interrupt abstraction
                              499 ; 72   |//  as simple as possible.  The ICOLL functions special-case these.
                              500 ; 73   |#define ICOLL_SOURCE_I2C_RX_READY                               (DWORD)34
                              501 ; 74   |#define ICOLL_SOURCE_I2C_RX_OVERFLOW                            (DWORD)35
                              502 ; 75   |#define ICOLL_SOURCE_I2C_TX_EMPTY                               (DWORD)36
                              503 ; 76   |#define ICOLL_SOURCE_I2C_TX_UNDERFLOW                           (DWORD)37
                              504 ; 77   |#define ICOLL_SOURCE_SPI_COMPLETE                               (DWORD)38
                              505 ; 78   |#define ICOLL_SOURCE_I2S_RX_OVERFLOW                            (DWORD)39
                              506 ; 79   |#define ICOLL_SOURCE_I2S_TX_UNDERFLOW                           (DWORD)40
                              507 ; 80   |#define ICOLL_SOURCE_I2S_RX_READY                               (DWORD)41
                              508 ; 81   |#define ICOLL_SOURCE_I2S_TX_EMPTY                               (DWORD)42
                              509 ; 82   |#define ICOLL_SOURCE_HARDWARE_RESET                             (DWORD)43
                              510 ; 83   |#define ICOLL_SOURCE_STACK_ERROR                                (DWORD)44
                              511 ; 84   |#define ICOLL_SOURCE_TRACE                                      (DWORD)45
                              512 ; 85   |#define ICOLL_SOURCE_SWI                                        (DWORD)46
                              513 ; 86   |#define ICOLL_SOURCE_IRQA                                       (DWORD)47
                              514 ; 87   |#define ICOLL_SOURCE_BROWNOUT                                   (DWORD)48
                              515 ; 88   |#define ICOLL_SOURCE_ILLEGAL_INSTRUCTION                        (DWORD)49
                              516 ; 89   |#define ICOLL_SOURCE_END                                        ICOLL_SOURCE_ILLEGAL_INSTR
                                  UCTION
                              517 ; 90   |#define ICOLL_NUM_SOURCES                                       ICOLL_SOURCE_END+1
                              518 ; 91   |
                              519 ; 92   |#define ICOLL_ICLENABLE_REG_0_LAST_SRC                          (DWORD)23
                              520 ; 93   |
                              521 ; 94   |#define ICOLL_PRIORITY_000              0x000000
                              522 ; 95   |#define ICOLL_PRIORITY_001              0x000001
                              523 ; 96   |#define ICOLL_PRIORITY_010              0x000002
                              524 ; 97   |#define ICOLL_PRIORITY_011              0x000003
                              525 ; 98   |#define ICOLL_PRIORITY_100              0x000004
                              526 ; 99   |#define ICOLL_PRIORITY_101              0x000005
                              527 ; 100  |#define ICOLL_PRIORITY_110              0x000006
                              528 ; 101  |#define ICOLL_PRIORITY_111              0x000007
                              529 ; 102  |
                              530 ; 103  |#define ICOLL_STEERING_IVL1             0x000000
                              531 ; 104  |#define ICOLL_STEERING_IVL2             0x000001
                              532 ; 105  |#define ICOLL_STEERING_IVL3             0x000002
                              533 ; 106  |#define ICOLL_STEERING_IVL6             0x000003
                              534 ; 107  |
                              535 ; 108  |///////////////////////////////////////////////////////////////////////////////
                              536 ; 109  |// ERRORS
                              537 ; 110  |///////////////////////////////////////////////////////////////////////////////
TASKING DSP2410 assembler v1.5r1 Build 138 SN 00100122
                                                                                                                            Page  10

M:ADDR CODE           CYCLES LINE SOURCELINE
                              538 ; 111  |                                                                                          
                                  
                              539 ; 112  |#define ICOLL_ERROR_INVALID_SOURCE              (RETCODE)0x000001
                              540 ; 113  |
                              541 ; 114  |///////////////////////////////////////////////////////////////////////////////
                              542 ; 115  |// Structure definitions
                              543 ; 116  |///////////////////////////////////////////////////////////////////////////////
                              544 ; 117  |
                              545 ; 118  |typedef void (*ISR_VECTOR)(void);
                              546 ; 119  |
                              547 ; 120  |typedef struct
                              548 ; 121  |{
                              549 ; 122  |    WORD wSource;
                              550 ; 123  |    WORD wPriority;
                              551 ; 124  |    WORD wSteering;
                              552 ; 125  |} ICOLL_ELEMENT;
                              553 ; 126  |
                              554 ; 127  |///////////////////////////////////////////////////////////////////////////////
                              555 ; 128  |// Prototypes
                              556 ; 129  |///////////////////////////////////////////////////////////////////////////////
                              557 ; 130  |
                              558 ; 131  |void _reentrant IcollShutDown(void);
                              559 ; 132  |RETCODE _reentrant IcollEnable(DWORD dwSource);
                              560 ; 133  |RETCODE _reentrant IcollDisable(DWORD dwSource);
                              561 ; 134  |BOOL _reentrant IcollGetStatus(DWORD dwSource);
                              562 ; 135  |RETCODE _reentrant IcollSetPriority(DWORD dwSource, WORD wPriority);
                              563 ; 136  |RETCODE _reentrant IcollSetSteering(DWORD dwSource, WORD wSteering);
                              564 
                              569 
                              570 ; 137  |RETCODE _reentrant IcollInstallIsrVector(ISR_VECTOR pISR, WORD wSource);
                              571 ; 138  |void _asmfunc IcollResetVectorTable(void);
                              572 ; 139  |#endif // #ifndef _ICOLL_H
                              573 
                              575 
                              576 ; 27   |
                              577 ; 28   |#ifndef SYS_MAX_MSG_PARAMS
                              578 ; 29   |#define SYS_MAX_MSG_PARAMS 10
                              579 ; 30   |#endif
                              580 ; 31   |
                              581 ; 32   |#ifndef MAX_REGIONS
                              582 ; 33   |#define MAX_REGIONS 5
                              583 ; 34   |#endif 
                              584 ; 35   |
                              585 ; 36   |#define TIMEOUT_IMMEDIATE 0
                              586 ; 37   |
                              587 ; 38   |struct TaskEntryStruct;
                              588 ; 39   |
                              589 ; 40   |union SyncObjectStruct;
                              590 ; 41   |
                              591 ; 42   |
                              592 ; 43   |// JCP - Already defined in types.h
                              593 ; 44   |
                              594 ; 45   |//typedef struct {
                              595 ; 46   |//    WORD m_wLength;
                              596 ; 47   |//    WORD m_wMessage;
                              597 ; 48   |//    WORD m_wParams[SYS_MAX_MSG_PARAMS];
                              598 ; 49   |//} Message;
                              599 ; 50   |
                              600 ; 51   |typedef struct {
                              601 ; 52   |    _circ WORD    *m_pHead;
                              602 ; 53   |    _circ WORD    *m_pTail;
                              603 ; 54   |} CircularBufferDescriptor;
TASKING DSP2410 assembler v1.5r1 Build 138 SN 00100122
                                                                                                                            Page  11

M:ADDR CODE           CYCLES LINE SOURCELINE
                              604 ; 55   |
                              605 ; 56   |typedef struct MemoryRegionStruct {
                              606 ; 57   |    WORD m_wResourceLoaded;
                              607 ; 58   |    _P INT *m_StartAddress;
                              608 ; 59   |    _P INT *m_EndAddress;
                              609 ; 60   |} MemoryRegion;
                              610 
                              617 
                              618 ; 61   |
                              619 ; 62   |
                              620 ; 63   |typedef struct TaskEntryStruct{
                              621 ; 64   |    CircularBufferDescriptor *m_pMessageQueue;
                              622 ; 65   |    void   *m_pWaitingOnPtr;                                //points to either an object o
                                  r a queue we're waiting on.
                              623 ; 66   |    WORD    m_wWaitingOnWord;
                              624 ; 67   |    WORD    m_wState;                                       //The state is used to indicat
                                  e what the task is waiting on.
                              625 ; 68   |    WORD   *m_pStackPointer;
                              626 ; 69   |    WORD    m_wTaskID;                                      //The kernel does not use this
                                   for any purpose.   This is set by the developer
                              627 ; 70   |                                                            //  and returned by SysGetTask
                                  ID() for use by functions that are required to 
                              628 ; 71   |                                                            //  be task aware.
                              629 ; 72   |    long    m_lTimeout;                                     //This is in absolute time (ca
                                  n compare directly to the current system time
                              630 ; 73   |    WORD    m_wRegionResources[MAX_REGIONS];                //a snapshot of the requiremen
                                  ts of the task in terms of which resources are loaded
                              631 ; 74   |    WORD    m_wPriority;                                    
                              632 ; 75   |    WORD   *m_pInitialStackPointer;                         //only used at init time
                              633 ; 76   |    WORD    m_wStackSize;
                              634 ; 77   |    _reentrant void   (*m_pEntryPoint)(void);               //only used at init time
                              635 ; 78   |} TaskEntry;
                              636 
                              661 
                              662 ; 79   |
                              663 ; 80   |typedef union SyncObjectStruct {
                              664 ; 81   |    TaskEntry   *m_pOwner;
                              665 ; 82   |    struct
                              666 ; 83   |    {
                              667 ; 84   |    int          m_iOwner :16;
                              668 ; 85   |    int          m_iCount : 8;
                              669 ; 86   |    } counter;
                              670 ; 87   |} SyncObject;
                              671 ; 88   |
                              672 ; 89   |typedef WORD SignalGroup;
                              673 ; 90   |
                              674 ; 91   |
                              675 ; 92   |typedef struct {
                              676 ; 93   |    WORD    m_wMessageType;
                              677 ; 94   |    CircularBufferDescriptor    *m_pDestination;
                              678 ; 95   |}  RoutingEntry;
                              679 
                              684 
                              685 ; 96   |
                              686 ; 97   |extern RoutingEntry g_RoutingTable[];
                              687 ; 98   |extern TaskEntry *g_TaskList[];
                              688 
                              696 
                              697 ; 99   |extern MemoryRegion *g_RegionTable[];
                              698 ; 100  |
                              699 ; 101  |//Time Releated Functions
                              700 ; 102  |_reentrant WORD SysWait(INT wTimeout);
TASKING DSP2410 assembler v1.5r1 Build 138 SN 00100122
                                                                                                                            Page  12

M:ADDR CODE           CYCLES LINE SOURCELINE
                              701 ; 103  |
                              702 ; 104  |//Task Related Functions
                              703 ; 105  |_reentrant WORD SysGetTaskID(void);
                              704 ; 106  |
                              705 ; 107  |//Message related functions
                              706 ; 108  |_asmfunc WORD SysWaitOnMessage(INT wTimeout, Message *pMsg);
                              707 
                              714 
                              715 ; 109  |_asmfunc WORD SysPeekMessage(CircularBufferDescriptor *pQueue, Message *pMsg);
                              716 ; 110  |_reentrant WORD SysPostMessage(WORD wLength, ...);
                              717 ; 111  |_reentrant WORD SysPostMessageWait(INT wTimeout, WORD wLength, ...);
                              718 ; 112  |
                              719 ; 113  |//maybe this is too much functionality?
                              720 ; 114  |_asmfunc WORD SysWaitOnBoth(WORD wTimeout, SyncObject *pObject, Message *pMsg);
                              721 
                              733 
                              734 ; 115  |
                              735 ; 116  |//SyncObject Related functions
                              736 ; 117  |_asmfunc WORD SysWaitOnObject(INT wTimeout, SyncObject *pObject);
                              737 ; 118  |_asmfunc WORD SysAssignObject(SyncObject *pObject, TaskEntry *pTaskID);
                              738 ; 119  |_reentrant void SysReleaseObject(SyncObject *pObject);
                              739 ; 120  |_reentrant void ISRReleaseObject(SyncObject *pObject);
                              740 ; 121  |
                              741 ; 122  |//Queue Related Functions
                              742 ; 123  |_asmfunc WORD SysWaitOnQueue(INT wTimeout,CircularBufferDescriptor *pQueue, INT wSizeToBeF
                                  ree);
                              743 ; 124  |
                              744 ; 125  |//Event Related Functions
                              745 ; 126  |_asmfunc WORD SysWaitOnSignal(INT wTimeout, void * pSignalGroup, int iSignal);
                              746 
                              748 
                              749 ; 127  |_asmfunc void SysSignal(SignalGroup *pSignalGroup, int iSignal);
                              750 ; 128  |
                              751 ; 129  |//ISR function
                              752 ; 130  |
                              753 ; 131  |//SysCallFunctions
                              754 ; 132  |int _asmfunc exSysCallFunction_v(void);
                              755 ; 133  |int _asmfunc exSysCallFunction_i(int);
                              756 ; 134  |int _asmfunc exSysCallFunction_ii(int, int);
                              757 ; 135  |int _asmfunc exSysCallFunction_iii(int, int, int);
                              758 ; 136  |int _asmfunc SysCallFunction(WORD * RESOURCE,int _reentrant (int,int,int*),  int, int, int
                                   *);
                              759 ; 137  |#define SysCallFunction(rsrc,func,a,b,p) SysCallFunction((void*)rsrc,(func),(a),(b),(p))
                              760 ; 138  |
                              761 ; 139  |void _asmfunc v_SysCallFunction_v(WORD * RESOURCE,void _reentrant (void));
                              762 ; 140  |#define v_SysCallFunction_v(rsrc,func) v_SysCallFunction_v((void*)rsrc,(func))
                              763 ; 141  |
                              764 ; 142  |void _asmfunc SysCallFunction_i(WORD * RESOURCE,void _reentrant (int),int);
                              765 ; 143  |#define SysCallFunction_i(rsrc,func,a,b,p) SysCallFunction_i((void*)rsrc,(func),(a),(b),(p
                                  ))
                              766 ; 144  |
                              767 ; 145  |int _asmfunc SysCallFunction_L(void* RESOURCE,int _reentrant (long,long,int*),  long, long
                                  , int *);
                              768 ; 146  |
                              769 ; 147  |int _asmfunc i_SysCallFunction_i(WORD * RESOURCE,int _reentrant (int), int);
                              770 ; 148  |
                              771 ; 149  |int _asmfunc i_SysCallFunction_iipp(WORD * RESOURCE,int _reentrant (int,int,int*,int*),  i
                                  nt, int, int *, int *);
                              772 ; 150  |
                              773 ; 151  |int _asmfunc i_SysCallFunction_iiip(WORD * RESOURCE,int _reentrant (int,int,int,int*),  in
                                  t, int, int, int *);
                              774 ; 152  |
TASKING DSP2410 assembler v1.5r1 Build 138 SN 00100122
                                                                                                                            Page  13

M:ADDR CODE           CYCLES LINE SOURCELINE
                              775 ; 153  |int _asmfunc fSysCallFunction(WORD * RESOURCE,int _reentrant (int,int,int*),  int, int, in
                                  t *);
                              776 ; 154  |
                              777 ; 155  |
                              778 ; 156  |//These values are return values, and also values that are set in the TaskEntry.m_wState t
                                  o indicate what the task
                              779 ; 157  |//is waiting on.
                              780 ; 158  |#define EVENT_TIMEOUT   0
                              781 ; 159  |#define EVENT_MESSAGE   1
                              782 ; 160  |#define EVENT_OBJECT    2
                              783 ; 161  |#define EVENT_QUEUE     4
                              784 ; 162  |#define EVENT_SIGNAL    5
                              785 ; 163  |#define EVENT_RELEASING_OBJECT2 6
                              786 ; 164  |#define EVENT_RELEASING_OBJECT1 7
                              787 ; 165  |
                              788 ; 166  |
                              789 ; 167  |//this is the owner that a SyncObject should be assigned to if a task it going to wait on 
                                  a completion of the interrupt. 
                              790 ; 168  |#define ISR_OWNER  ((TaskEntry*)(0xffff))
                              791 ; 169  |#define KERNEL_OWNER  ((TaskEntry*)(0))
                              792 ; 170  |
                              793 ; 171  |
                              794 ; 172  |#ifdef INSTRUMENT_ENABLE
                              795 ; 173  |#include <regsgpio.h>
                              796 ; 174  |
                              797 ; 175  |//
                              798 ; 176  |// Define the bit positions in the GPIO registers used for signalling.
                              799 ; 177  |//
                              800 ; 178  |#define GPIO_24     B0
                              801 ; 179  |#define GPIO_36     B12
                              802 ; 180  |#define GPIO_37     B13
                              803 ; 181  |#define GPIO_38     B14
                              804 ; 182  |#define GPIO_39     B15
                              805 ; 183  |#define GPIO_42     B18
                              806 ; 184  |#define GPIO_46     B22
                              807 ; 185  |#define GPIO_47     B23
                              808 ; 186  |
                              809 ; 187  |//=============================================================================
                              810 ; 188  |// SysSignalEvent
                              811 ; 189  |//-----------------------------------------------------------------------------
                              812 ; 190  |//! This macro allows code to set a gpio event that can be measured outside the
                              813 ; 191  |//! part.
                              814 ; 192  |//! \param wGPIONumber 
                              815 ; 193  |//!     This should be one of the Macros defined above, and indicates which 
                              816 ; 194  |//!     GPIO will be set.
                              817 ; 195  |//!
                              818 ; 196  |//! \return
                              819 ; 197  |//!     None. 
                              820 ; 198  |//!
                              821 ; 199  |//=============================================================================
                              822 ; 200  |#define SysSignalEvent(wGPIONumber)         \ 
                              823 ; 201  |{                                           \ 
                              824 ; 202  |    HW_GP1DOR.B.##wGPIONumber = 1;          \ 
                              825 ; 203  |}
                              826 ; 204  |
                              827 ; 205  |//=============================================================================
                              828 ; 206  |// SysClearEvent
                              829 ; 207  |//-----------------------------------------------------------------------------
                              830 ; 208  |//! This macro allows code to clear a gpio event that can be measured outside 
                              831 ; 209  |//! the part.
                              832 ; 210  |//! \param wGPIONumber 
                              833 ; 211  |//!     This should be one of the Macros defined above, and indicates which 
TASKING DSP2410 assembler v1.5r1 Build 138 SN 00100122
                                                                                                                            Page  14

M:ADDR CODE           CYCLES LINE SOURCELINE
                              834 ; 212  |//!     GPIO will be set.
                              835 ; 213  |//!
                              836 ; 214  |//! \return
                              837 ; 215  |//!     None. 
                              838 ; 216  |//!
                              839 ; 217  |//=============================================================================
                              840 ; 218  |#define SysClearEvent(wGPIONumber)          \ 
                              841 ; 219  |{                                           \ 
                              842 ; 220  |    HW_GP1DOR.B.##wGPIONumber = 0;          \ 
                              843 ; 221  |}
                              844 ; 222  |
                              845 ; 223  |//=============================================================================
                              846 ; 224  |// SysEnableEvent
                              847 ; 225  |//-----------------------------------------------------------------------------
                              848 ; 226  |//! This macro must be called by code before using the SysSetEvent or 
                              849 ; 227  |//! SysClearEvent so that the GPIOs are set up correctly.
                              850 ; 228  |//!
                              851 ; 229  |//! \param wGPIONumber 
                              852 ; 230  |//!     This should be one of the Macros defined above, and indicates which 
                              853 ; 231  |//!     GPIO will be set.
                              854 ; 232  |//!
                              855 ; 233  |//! \return
                              856 ; 234  |//!     None. 
                              857 ; 235  |//!
                              858 ; 236  |//=============================================================================
                              859 ; 237  |#define SysEnableEvent(wGPIONumber)         \ 
                              860 ; 238  |{                                           \ 
                              861 ; 239  |    HW_GP1DOER.B.##wGPIONumber=1;           \ 
                              862 ; 240  |    HW_GP1DOR.B.##wGPIONumber=0;            \ 
                              863 ; 241  |    HW_GP1ENR.B.##wGPIONumber=1;            \ 
                              864 ; 242  |    HW_GP1PWR.B.##wGPIONumber=1;            \ 
                              865 ; 243  |}
                              866 ; 244  |#else // INSTRUMENT_ENABLE
                              867 ; 245  |#define SysSignalEvent(wGPIONumber)
                              868 ; 246  |#define SysClearEvent(wGPIONumber)
                              869 ; 247  |#define SysEnableEvent(wGPIONumber)
                              870 ; 248  |#endif // INSTRUMENT_ENABLE
                              871 ; 249  |    
                              872 ; 250  |#endif
                              873 
                              875 
                              876 ; 21   |#include "kernel_internal.h"
                              877 
                              879 
                              880 ; 1    |#ifndef _KERNEL_INTERNAL
                              881 ; 2    |#define _KERNEL_INTERNAL
                              882 ; 3    |
                              883 ; 4    |extern WORD g_KernelStack[];
                              884 ; 5    |extern TaskEntry *g_pCurrentTask;
                              885 ; 6    |extern WORD *Kernel_pTempStack;
                              886 ; 7    |extern _L LONG g_lTimerTick;
                              887 ; 8    |
                              888 ; 9    |_reentrant TaskEntry * Kernel_GetNextTask(void);
                              889 ; 10   |_reentrant void Kernel_SwitchToTask(TaskEntry*);
                              890 ; 11   |_asmfunc void Kernel_ContextSwitch(void );
                              891 ; 12   |_reentrant void Kernel_SetTimeout(INT wTimeout);
                              892 ; 13   |_reentrant void Kernel_IncrementTick(void);
                              893 ; 14   |_asmfunc WORD Kernel_AddMessageToQueue(CircularBufferDescriptor*, Message*);
                              894 ; 15   |_reentrant WORD Kernel_IsTaskReady(TaskEntry *);
                              895 ; 16   |_asmfunc INT Kernel_IsMessageAvailable(TaskEntry *);
                              896 ; 17   |_reentrant WORD Kernel_IsSystemAlive(void);
                              897 ; 18   |_reentrant void Kernel_TickleWatchdog(void);
TASKING DSP2410 assembler v1.5r1 Build 138 SN 00100122
                                                                                                                            Page  15

M:ADDR CODE           CYCLES LINE SOURCELINE
                              898 ; 19   |_reentrant void Kernel_Heartbeat(void);
                              899 ; 20   |
                              900 ; 21   |
                              901 ; 22   |#endif
                              902 
                              904 
                              905 ; 22   |
                              906 ; 23   |#pragma optimize 3
                              908 ; 24   |///////////////////////////////////////////////////////////////////////////////
                              909 ; 25   |// Kernel_SetTimeout
                              910 ; 26   |//----------------------------------------------------------------------------
                              911 ; 27   |//! Set a timeout value for the current task.  If this is called by the kernel
                              912 ; 28   |//! it will do nothing as the kernel has no task storage area.
                              913 ; 29   |//!
                              914 ; 30   |//! \param wTimeOut
                              915 ; 31   |//!     The timeout for the task pointed to by g_pCurrentTask.
                              916 ; 32   |//!
                              917 ; 33   |//! \retval
                              918 ; 34   |//!     None.
                              919 ; 35   |//!
                              920 ; 36   |///////////////////////////////////////////////////////////////////////////////
                              921 ; 37   |_reentrant void Kernel_SetTimeout(INT wTimeout)
                              922 ; 38   |{
                              923 
P:0000                        924         org     p,".ptextkernel_settimeout":
                              929 FKernel_SetTimeout:
                              933 
                              934 ; 39   |    long lValue;
                              935 ; 40   |
                              936 ; 41   |    //
                              937 ; 42   |    // This should never be called inside the kernel.
                              938 ; 43   |    //
                              939 ; 44   |    if (g_pCurrentTask != KERNEL_OWNER)
                              940 
P:0000 055F7C         2    2  930         movec   ssh,y:(r7)+
P:0001 5FF000 rrrrrr  3    5  942         move    y:Fg_pCurrentTask,b
P:0003 21F60B         2    7  944         tst     b	                b,r6
P:0004 0AF0AA rrrrrr  6   13  949         jeq     L5
                              950 
                              951 ; 45   |    {
                              952 ; 46   |        if(wTimeout<0)
                              953 
P:0006 218903         2   15  956         tst     a	                a1,b0
P:0007 0AF0A1 rrrrrr  6   21  959         jge     L3
                              960 
                              961 ; 47   |            lValue = 0x7fffffffffff;
                              962 
P:0009 57F400 7FFFFF  3   24  964         move    #$7FFFFF,b
P:000B 51F400 FFFFFF  3   27  965         move    #$FFFFFF,b0
P:000D 0AF080 rrrrrr  6   33  968         jmp     L4
                              969 
                              970 ; 48   |        else
                              971 ; 49   |            lValue = GetTime()+wTimeout;
                              972 
                              974 L3:
P:000F 0BF080 rrrrrr  6   39  977         jsr     FGetTime
                              984 
                              985 ; 50   |        g_pCurrentTask->m_lTimeout = lValue;
                              986 
P:0011 212F00         2   41  978         move    b0,b
TASKING DSP2410 assembler v1.5r1 Build 138 SN 00100122
                                                                                                                            Page  16

M:ADDR CODE           CYCLES LINE SOURCELINE
P:0012 21A900         2   43  979         move    b1,b0
P:0013 216D00         2   45  980         move    b2,b1
P:0014 200018         2   47  982         add     a,b
                              988 L4:
                              994 
                              995 ; 51   |    }
                              996 
P:0015 3C0600         2   49  989         move    #6,n4
P:0016 6CF000 rrrrrr  3   52  988         move    y:Fg_pCurrentTask,r4
P:0018 000000         2   54  988         nop             ; (inserted)
P:0019 204C00         2   56  991         move    (r4)+n4
P:001A 595C00         2   58  992         move    b0,y:(r4)+
P:001B 5D5400         2   60  993         move    b1,y:(r4)-
                              998 L5:
                              999 
                             1000 ; 52   |}
                             1001 
P:001C 05FF7C         4   64 1003         movec   y:-(r7),ssh
P:001D 000000         2   66 1003         nop             ; (inserted)
P:001E 00000C         4   70 1007         rts
                             1014 
                             1015         extern  FGetTime, y:Fg_pCurrentTask
                             1016 
                             1017         global  FKernel_SetTimeout
                             1018 
                             1019         local   L3, L4, L5
                             1020 
                             1021         calls   "Kernel_SetTimeout", "GetTime"
                             1022 
