TASKING DSP2410 assembler v1.5r1 Build 138 SN 00100122
                                                                                                                            Page   1
C:\STMP3XXX_SDK_FIRMWARE_320_finalfix\system\common\symbols\nandddi_resource.asm
M:ADDR CODE           CYCLES LINE SOURCELINE
                                1     include "resource.inc"
                                1 ;
                                2 ;  NOTE: This file was generated automatically by rscrenum.pl
                                3 ;  Do not edit it directly.
                                4 ;  Created on Mon Jun 30 17:30:17 2008 using ..\output_3500\include\resource.inc as input.
                                8 ;
                                9 ;  NOTE: This file was generated automatically by rscrenum.pl
                               10 ;  Do not edit it directly.
                               11 ;  Created on Sat Jun 14 11:51:41 2008 using resource.inc as input.
                               15 ;///////////////////////////////////////////////////////////////////////////////
                               16 ;  Copyright(C) SigmaTel, Inc. 2000-2006
                               17 ;
                               18 ;  File        :  resource.inc
                               19 ;  Description :  Resource stuff
                               20 ;///////////////////////////////////////////////////////////////////////////////
                               22 ;///////////////////////////////////////////////////////////////////////////////
                               23 ;  usbmsc version number            no leading zeros here!
                               24 ;///////////////////////////////////////////////////////////////////////////////
                               26 VERSION_MAJOR           equ         3
                               27 VERSION_MIDDLE          equ         200
                               28 VERSION_MINOR           equ         910
                               30 LCD_SEG_OFFSET        equ     0       ;Set to 34 if right side up
                               32 ;///////////////////////////////////////////////////////////////////////////////
                               33 ;  Common system resources
                               34 ;///////////////////////////////////////////////////////////////////////////////
                               36 ConnectImageLeft        equ        1    ;$FILENAME connectleft.src
                               37 ConnectImageRight       equ        2    ;$FILENAME connectright.src
                               38 ReadyImage              equ        3    ;$FILENAME ready.src
                               39 ReadingImage            equ        4    ;$FILENAME reading.src
                               40 WritingImage            equ        5    ;$FILENAME writing.src
                               41 NotesImage              equ        6    ;$FILENAME notes.src
                               42 LowBatImage             equ        7    ;$FILENAME lowbat.src
                               43 RSRC_FULL_SPEED         equ        8    ;$FILENAME fullspeed.src
                               44 RSRC_HIGH_SPEED         equ        9    ;$FILENAME highspeed.src
                               45 RSRC_LCD_INIT_SEQ       equ       10    ;$FILENAME lcd_controller_init.src
                               46 RSRC_VERSION            equ       11    ;$FILENAME version.src
                               47 RSRC_PERIOD             equ       12    ;$FILENAME period.src
                               48 RSRC_CHARGING           equ       13    ;$FILENAME charging.src
                               49 RSRC_CHARGE_COMPLETE    equ       14    ;$FILENAME charge_complete.src
                               50 RSRC_FONT_TABLE         equ       15    ;$FILENAME font_table.src
                               52 ;///////////////////////////////////////////////////////////////////////////////
                               53 ;  Battery Status
                               54 ;///////////////////////////////////////////////////////////////////////////////
                               55 RSRC_BATTERY_00         equ       16    ;$FILENAME battery_00.src
                               56 RSRC_BATTERY_01         equ       17    ;$FILENAME battery_01.src
                               57 RSRC_BATTERY_02         equ       18    ;$FILENAME battery_02.src
                               58 RSRC_BATTERY_03         equ       19    ;$FILENAME battery_03.src
                               59 RSRC_BATTERY_04         equ       20    ;$FILENAME battery_04.src
                               60 RSRC_BATTERY_05         equ       21    ;$FILENAME battery_05.src
                               61 RSRC_BATTERY_06         equ       22    ;$FILENAME battery_06.src
                               62 RSRC_BATTERY_07         equ       23    ;$FILENAME battery_07.src
                               63 RSRC_BATTERY_08         equ       24    ;$FILENAME battery_08.src
                               64 RSRC_BATTERY_09         equ       25    ;$FILENAME battery_09.src
                               65 RSRC_BATTERY_10         equ       26    ;$FILENAME battery_10.src
                               67 ;///////////////////////////////////////////////////////////////////////////////
                               68 ;  Font
                               69 ;///////////////////////////////////////////////////////////////////////////////
                               70 RSRC_PGM_8              equ       27    ;$FILENAME font_PGM.src
                               71 RSRC_SGMS_8             equ       28    ;$FILENAME font_SGMs.src
                               72 RSRC_SCRIPT_00_8        equ       29    ;$FILENAME font_script_00.src
                               73 RSRC_SCRIPTS_8          equ       30    ;$FILENAME font_scripts.src
                               74 RSRC_PDM                equ       31    ;$FILENAME font_PDM.src
TASKING DSP2410 assembler v1.5r1 Build 138 SN 00100122
                                                                                                                            Page   2

M:ADDR CODE           CYCLES LINE SOURCELINE
                               75 RSRC_SDMS               equ       32    ;$FILENAME font_SDMs.src
                               80 RSRC_MMCMEDIAINIT                      equ     0
                               81 RSRC_MMCMEDIAALLOCATE                  equ     0
                               82 RSRC_MMCMEDIADISCOVERALLOCATION        equ     0
                               83 RSRC_MMCMEDIAGETMEDIATABLE             equ     0
                               84 RSRC_MMCMEDIAGETINFO                   equ     0
                               85 RSRC_MMCMEDIAERASE                     equ     0
                               87 RSRC_MMCDATADRIVEINIT                  equ     0
                               88 RSRC_MMCDATADRIVEGETINFO               equ     0
                               89 RSRC_MMCDATADRIVESETINFO               equ     0
                               90 RSRC_MMCDATADRIVEREADSECTOR            equ     0
                               91 RSRC_MMCDATADRIVEWRITESECTOR           equ     0 
                               92 RSRC_MMCDATADRIVEMULTIWRITESETUP       equ     0 
                               93 RSRC_MMCDATADRIVEMULTIWRITESECTOR      equ     0 
                               94 RSRC_MMCDATADRIVEERASE                 equ     0 
                               95 RSRC_MMCDATADRIVEFLUSH                 equ     0 
                               98 RSRC_RAMMEDIAINIT                      equ     0
                               99 RSRC_RAMMEDIAALLOCATE                  equ     0
                              100 RSRC_RAMMEDIADISCOVERALLOCATION        equ     0
                              101 RSRC_RAMMEDIAGETMEDIATABLE             equ     0
                              102 RSRC_RAMMEDIAGETINFO                   equ     0
                              103 RSRC_RAMMEDIAERASE                     equ     0
                              105 RSRC_RAMDATADRIVEINIT                  equ     0
                              106 RSRC_RAMDATADRIVEGETINFO               equ     0
                              107 RSRC_RAMDATADRIVESETINFO               equ     0
                              108 RSRC_RAMDATADRIVEREADSECTOR            equ     0
                              109 RSRC_RAMDATADRIVEWRITESECTOR           equ     0
                              110 RSRC_RAMDATADRIVEMULTIWRITESETUP       equ     0
                              111 RSRC_RAMDATADRIVEMULTIWRITESECTOR      equ     0
                              112 RSRC_RAMDATADRIVEERASE                 equ     0
                              113 RSRC_RAMDATADRIVEFLUSH                 equ     0
                              115 RSRC_RAMSYSTEMDRIVEINIT                equ     0
                              116 RSRC_RAMSYSTEMDRIVEGETINFO             equ     0
                              117 RSRC_RAMSYSTEMDRIVESETINFO             equ     0
                              118 RSRC_RAMSYSTEMDRIVEREADSECTOR          equ     0
                              119 RSRC_RAMSYSTEMDRIVEWRITESECTOR         equ     0
                              120 RSRC_RAMSYSTEMDRIVEMULTIWRITESETUP     equ     0
                              121 RSRC_RAMSYSTEMDRIVEMULTIWRITESECTOR    equ     0
                              122 RSRC_RAMSYSTEMDRIVEERASE               equ     0
                              123 RSRC_RAMSYSTEMDRIVEFLUSH               equ     0
                              125 RSRC_NANDMEDIAINIT                              equ     0
                              126 RSRC_NANDMEDIAALLOCATE                          equ     0
                              127 RSRC_NANDMEDIADISCOVERALLOCATION                equ     0
                              128 RSRC_NANDMEDIAGETMEDIATABLE                     equ     0
                              129 RSRC_NANDMEDIAGETINFO                           equ     0
                              130 RSRC_NANDMEDIAERASE                             equ     0
                              132 RSRC_NANDDATADRIVEINIT                          equ     0
                              133 RSRC_NANDDATADRIVEGETINFO                       equ     0
                              134 RSRC_NANDDATADRIVESETINFO                       equ     0
                              135 RSRC_NANDDATADRIVEREADSECTOR                    equ     0
                              136 RSRC_NANDDATADRIVEWRITESECTOR                   equ     0 
                              137 RSRC_NANDDATADRIVEDUMBMULTIWRITESETUP           equ     0 
                              138 RSRC_NANDDATADRIVEDUMBMULTIWRITESECTOR          equ     0 
                              139 RSRC_NANDDATADRIVECACHEMULTIWRITESETUP          equ     0 
                              140 RSRC_NANDDATADRIVECACHEMULTIWRITESECTOR         equ     0 
                              141 RSRC_NANDDATADRIVEERASE                         equ     0 
                              142 RSRC_NANDDATADRIVEFLUSH                         equ     0 
                              144 RSRC_NANDSYSTEMDRIVEINIT                        equ     0 
                              145 RSRC_NANDSYSTEMDRIVEGETINFO                     equ     0  
                              146 RSRC_NANDSYSTEMDRIVESETINFO                     equ     0  
                              147 RSRC_NANDSYSTEMDRIVEREADSECTOR                  equ     0 
                              148 RSRC_NANDSYSTEMDRIVEWRITESECTOR                 equ     0 
TASKING DSP2410 assembler v1.5r1 Build 138 SN 00100122
                                                                                                                            Page   3

M:ADDR CODE           CYCLES LINE SOURCELINE
                              149 RSRC_NANDSYSTEMDRIVEMULTIWRITESETUP             equ     0 
                              150 RSRC_NANDSYSTEMDRIVEMULTIWRITESECTOR            equ     0 
                              151 RSRC_NANDSYSTEMDRIVEERASE                       equ     0 
                              152 RSRC_NANDSYSTEMDRIVEFLUSH                       equ     0 
                                2     
                                9     
                               21     
