TASKING DSP2410 assembler v1.5r1 Build 138 SN 00100122
                                                                                                                                                                                                                                                       Page   1
C:\STMP3XXX_SDK_FIRMWARE_320_finalfix\system\data_management\stack\stackcheck.asm
M:ADDR CODE           CYCLES LINE SOURCELINE
                                1 ;///////////////////////////////////////////////////////////////////////////////
                                2 ;  Copyright(C) SigmaTel, Inc. 2000-2001
                                3 ;
                                4 ;  File        : stack.asm
                                5 ;  Description : Stack routines
                                6 ;///////////////////////////////////////////////////////////////////////////////
                                8     section SYSFUN_StackCheck
                               10 ;///////////////////////////////////////////////////////////////////////////////
                               11 ;   Macros
                               12 ;///////////////////////////////////////////////////////////////////////////////
                               14 ;///////////////////////////////////////////////////////////////////////////////
                               15 ;   Includes
                               16 ;///////////////////////////////////////////////////////////////////////////////
                               20     list
                               22 ;///////////////////////////////////////////////////////////////////////////////
                               23 ;   External Definitions
                               24 ;///////////////////////////////////////////////////////////////////////////////
                               26     ;Functions 
                               30 ;///////////////////////////////////////////////////////////////////////////////
                               31 ;   External References
                               32 ;///////////////////////////////////////////////////////////////////////////////
                               36     list
                               38 ;///////////////////////////////////////////////////////////////////////////////
                               39 ;   Equates
                               40 ;///////////////////////////////////////////////////////////////////////////////
                               42 ;///////////////////////////////////////////////////////////////////////////////
                               43 ;   X Memory
                               44 ;///////////////////////////////////////////////////////////////////////////////
                               45         
                               46 ;///////////////////////////////////////////////////////////////////////////////
                               47 ;   Y Memory
                               48 ;///////////////////////////////////////////////////////////////////////////////
                               49         
                               50 ;///////////////////////////////////////////////////////////////////////////////
                               51 ;   P Memory
                               52 ;///////////////////////////////////////////////////////////////////////////////
P:0000                         54     org     p,"StackCheck_P":
                               56 ;///////////////////////////////////////////////////////////////////////////////
                               57 ;
                               58 ;>  Name:           FCheckStackOut
                               59 ;
                               60 ;   Type:           Function
                               61 ;
                               62 ;   Description:    Verifies that the stack is balanced
                               63 ;
                               64 ;   Inputs:         none
                               65 ;
                               66 ;   Outputs:        none
                               67 ;                   
                               68 ;   Notes:          this should not modify any registers
                               69 ;<
                               70 ;///////////////////////////////////////////////////////////////////////////////
                              117     endsec
