TASKING DSP2410 assembler v1.5r1 Build 138 SN 00100122
                                                                                                                            Page   1
C:\STMP3XXX_SDK_FIRMWARE_320_finalfix\Projects\SDK\lcdexample\usbmsc\Make\cc87315b.src
M:ADDR CODE           CYCLES LINE SOURCELINE
                                1 ; TASKING DSP2410 C compiler v1.5r1 Build 208 SN 00100122
                                2 ; options: -OG -si -w68 -w66 -I..\output_3500\include
                                3 ;          -I..\..\..\..\..\Projects\sdk\lcdexample\usbmsc -I -I..\..
                                4 ;          -I..\..\..\..\..\inc -I..\..\..\..\..\System\Common
                                5 ;          -I..\..\..\..\..\System\Common\symbols -I
                                6 ;          -I..\..\..\..\..\Algorithms\DRM\janus\src\h
                                7 ;          -I..\..\..\..\..\devicedriver\media\ddildl
                                8 ;          -I..\..\..\..\..\devicedriver\media\ddildl\include
                                9 ;          -I..\..\..\..\..\devicedriver\media\MediaTypeMMC\DDI\include
                               10 ;          -I..\..\..\..\..\devicedriver\media\ddildl\include
                               11 ;          -I..\..\..\..\..\devicedriver\media\MediaTypeMMC\DDI\include
                               12 ;          -I..\..\..\..\..\devicedriver\media\MediaTypeMMC\DDI\Media
                               13 ;          -I..\..\..\..\..\devicedriver\media\MediaTypeMMC\HAL\include
                               14 ;          -I..\..\..\..\..\devicedriver\media\MediaTypeRAM\include
                               15 ;          -I..\..\..\..\..\devicedriver\media\MediaTypeRAM\DDI\DataDrive\include
                               16 ;          -I..\..\..\..\..\devicedriver\media\MediaTypeRAM\DDI\include
                               17 ;          -I..\..\..\..\..\devicedriver\media\MediaTypeRAM\HAL\include
                               18 ;          -I..\..\..\..\..\devicedriver\media\MediaTypeRAM\DDI\DataDrive
                               19 ;          -I..\..\..\..\..\devicedriver\media\MediaTypeRAM\include
                               20 ;          -I..\..\..\..\..\devicedriver\media\MediaTypeRAM\DDI\SystemDrive\include
                               21 ;          -I..\..\..\..\..\devicedriver\media\MediaTypeRAM\DDI\include
                               22 ;          -I..\..\..\..\..\devicedriver\media\MediaTypeRAM\HAL\include
                               23 ;          -I..\..\..\..\..\devicedriver\media\MediaTypeRAM\DDI\SystemDrive
                               24 ;          -I..\..\..\..\..\devicedriver\media\MediaTypeRAM\include
                               25 ;          -I..\..\..\..\..\devicedriver\media\MediaTypeRAM\DDI\Media\include
                               26 ;          -I..\..\..\..\..\devicedriver\media\MediaTypeRAM\DDI\include
                               27 ;          -I..\..\..\..\..\devicedriver\media\MediaTypeRAM\HAL\include
                               28 ;          -I..\..\..\..\..\devicedriver\media\MediaTypeRAM\DDI\Media
                               29 ;          -I..\..\..\..\..\devicedriver\media\MediaTypeRAM\include
                               30 ;          -I..\..\..\..\..\devicedriver\media\MediaTypeRAM\DDI\include
                               31 ;          -I..\..\..\..\..\devicedriver\media\MediaTypeRAM\HAL\include
                               32 ;          -I..\..\..\..\..\devicedriver\media\MediaTypeNAND\include
                               33 ;          -I..\..\..\..\..\devicedriver\media\MediaTypeNAND\DDI\DataDrive\include
                               34 ;          -I..\..\..\..\..\devicedriver\media\MediaTypeNAND\DDI\include
                               35 ;          -I..\..\..\..\..\devicedriver\media\MediaTypeNAND\HAL\include
                               36 ;          -I..\..\..\..\..\devicedriver\media\MediaTypeNAND\DDI\DataDrive
                               37 ;          -I..\..\..\..\..\devicedriver\media\ddildl\include -I
                               38 ;          -I..\..\..\..\..\FileSystem\Fat32\cmp\cmp_stdtype
                               39 ;          -I..\..\..\..\..\FileSystem\Fat32\cmp\cmp_debug
                               40 ;          -I..\..\..\..\..\FileSystem\Fat32\cmp\cmp_file_system
                               41 ;          -I..\..\..\..\..\DeviceDriver\Media\cmp\cmp_media_nand
                               42 ;          -I..\..\..\..\..\devicedriver\media\MediaTypeNAND\include
                               43 ;          -I..\..\..\..\..\devicedriver\media\MediaTypeNAND\DDI\Common\include
                               44 ;          -I..\..\..\..\..\devicedriver\media\MediaTypeNAND\DDI\include
                               45 ;          -I..\..\..\..\..\devicedriver\media\MediaTypeNAND\HAL\include
                               46 ;          -I..\..\..\..\..\devicedriver\media\MediaTypeNAND\DDI\Common
                               47 ;          -I..\..\..\..\..\devicedriver\media\MediaTypeNAND\include
                               48 ;          -I..\..\..\..\..\devicedriver\media\MediaTypeNAND\DDI\SystemDrive\include
                               49 ;          -I..\..\..\..\..\devicedriver\media\MediaTypeNAND\DDI\include
                               50 ;          -I..\..\..\..\..\devicedriver\media\MediaTypeNAND\HAL\include
                               51 ;          -I..\..\..\..\..\devicedriver\media\MediaTypeNAND\DDI\SystemDrive
                               52 ;          -I..\..\..\..\..\devicedriver\media\MediaTypeNAND\include
                               53 ;          -I..\..\..\..\..\devicedriver\media\MediaTypeNAND\DDI\Media\include
                               54 ;          -I..\..\..\..\..\devicedriver\media\MediaTypeNAND\DDI\include
                               55 ;          -I..\..\..\..\..\devicedriver\media\MediaTypeNAND\HAL\include
                               56 ;          -I..\..\..\..\..\devicedriver\media\MediaTypeNAND\DDI\Media
                               57 ;          -I..\..\..\..\..\devicedriver\media\include
                               58 ;          -I..\..\..\..\..\devicedriver\media\ddildl
                               59 ;          -I..\..\..\..\..\devicedriver\media\ddildl\include
                               60 ;          -I..\..\..\..\..\devicedriver\media\MediaTypeNAND\DDI\Common\include
                               61 ;          -I..\..\..\..\..\devicedriver\media\MediaTypeNAND\DDI\include
                               62 ;          -I..\..\..\..\..\DeviceDriver\Media\MediaTypeNAND\HAL
TASKING DSP2410 assembler v1.5r1 Build 138 SN 00100122
                                                                                                                            Page   2

M:ADDR CODE           CYCLES LINE SOURCELINE
                               63 ;          -I..\..\..\..\..\DeviceDriver\Media\MediaTypeNAND\HAL\include
                               64 ;          -I..\..\..\..\..\DeviceDriver\Media\include
                               65 ;          -I..\..\..\..\..\DeviceDriver\Media\PortHIL\GPFlash\include
                               66 ;          -I..\..\..\..\..\DeviceDriver\Media\PortHIL\GPFlash
                               67 ;          -I..\..\..\..\..\system\common\resourcemanager -I..\..\..\..\..\inc
                               68 ;          -I..\..\..\..\..\DeviceDriver\Media\usb\Ch9
                               69 ;          -I..\..\..\..\..\DeviceDriver\Media\scsi
                               70 ;          -I..\..\..\..\..\DeviceDriver\Media\usbmsc
                               71 ;          -I..\..\..\..\..\DeviceDriver\Media\mtp
                               72 ;          -I..\..\..\..\..\System\Common\updater
                               73 ;          -I..\..\..\..\..\libsource\sysserialnumber -DALL -DD3500 -DMMC
                               74 ;          -DLIION -DTUNER_STFM1000 -DSTFM1000_LCD=TRUE -DDCDC_POWER_TRANSFER
                               75 ;          -DBACKLIGHT -DWMAAPI_NO_DRM -DREVB_ENGR_BD -DSED15XX_LCD -DFAT16
                               76 ;          -DDEVICE_3500 -DENGR_BD -DUSBMSC_BUILD -DBATTERY_TYPE_LI_ION
                               77 ;          -DBATTERY_CHARGE -DUSE_PLAYLIST3_HOST -DASCII_ONLY -DRETAIL
                               78 ;          -DDEVICE_3500 -DMMC -Dk_opt_performance_enhancement
                               79 ;          -I..\..\..\..\..\devicedriver\display
                               80 ;          -I..\..\..\..\..\System\MsgModules\Hardware\Display -g -O2 -R -Cs
                               81 ;          -MmyL
                               82 
                               90 
                               91 ;       sysirq.c:
                               92 ; 1    |////////////////////////////////////////////////////////////////////////////////
                               93 ; 2    |// Copyright(C) SigmaTel, Inc. 2002
                               94 ; 3    |//
                               95 ; 4    |// File : sysirq.c
                               96 ; 5    |// Description : 
                               97 ; 6    |////////////////////////////////////////////////////////////////////////////////
                               98 ; 7    |
                               99 ; 8    |////////////////////////////////////////////////////////////////////////////////
                              100 ; 9    |//  Macros
                              101 ; 10   |////////////////////////////////////////////////////////////////////////////////
                              102 ; 11   |
                              103 ; 12   |////////////////////////////////////////////////////////////////////////////////
                              104 ; 13   |//  Includes
                              105 ; 14   |////////////////////////////////////////////////////////////////////////////////
                              106 ; 15   |
                              107 ; 16   |#include "types.h"
                              108 
                              110 
                              111 ; 1    |////////////////////////////////////////////////////////////////////////////////
                              112 ; 2    |// Copyright(C) SigmaTel, Inc. 2000-2004
                              113 ; 3    |//
                              114 ; 4    |// Filename: types.h
                              115 ; 5    |// Description: Standard data types
                              116 ; 6    |////////////////////////////////////////////////////////////////////////////////
                              117 ; 7    |
                              118 ; 8    |#ifndef _TYPES_H
                              119 ; 9    |#define _TYPES_H
                              120 ; 10   |
                              121 ; 11   |// TODO:  move this outta here!
                              122 ; 12   |#if !defined(NOERROR)
                              123 ; 13   |#define NOERROR 0
                              124 ; 14   |#define SUCCESS 0
                              125 ; 15   |#endif 
                              126 ; 16   |#if !defined(SUCCESS)
                              127 ; 17   |#define SUCCESS  0
                              128 ; 18   |#endif
                              129 ; 19   |#if !defined(ERROR)
                              130 ; 20   |#define ERROR   -1
                              131 ; 21   |#endif
                              132 ; 22   |#if !defined(FALSE)
TASKING DSP2410 assembler v1.5r1 Build 138 SN 00100122
                                                                                                                            Page   3

M:ADDR CODE           CYCLES LINE SOURCELINE
                              133 ; 23   |#define FALSE 0
                              134 ; 24   |#endif
                              135 ; 25   |#if !defined(TRUE)
                              136 ; 26   |#define TRUE  1
                              137 ; 27   |#endif
                              138 ; 28   |
                              139 ; 29   |#if !defined(NULL)
                              140 ; 30   |#define NULL 0
                              141 ; 31   |#endif
                              142 ; 32   |
                              143 ; 33   |#define MAX_INT     0x7FFFFF
                              144 ; 34   |#define MAX_LONG    0x7FFFFFffffff
                              145 ; 35   |        // max positive unsigned long value: -1 == 0xFFFFFFffffff
                              146 ; 36   |#define MAX_ULONG   (-1) 
                              147 ; 37   |
                              148 ; 38   |#define WORD_SIZE   24              // word size in bits
                              149 ; 39   |#define BYTES_PER_WORD 3            // 8 bit bytes
                              150 ; 40   |
                              151 ; 41   |
                              152 ; 42   |#define BYTE    unsigned char       // btVarName
                              153 ; 43   |#define CHAR    signed char         // cVarName
                              154 ; 44   |#define USHORT  unsigned short      // usVarName
                              155 ; 45   |#define SHORT   unsigned short      // sVarName
                              156 ; 46   |#define WORD    unsigned int        // wVarName
                              157 ; 47   |#define INT     signed int          // iVarName
                              158 ; 48   |#define DWORD   unsigned long       // dwVarName
                              159 ; 49   |#define LONG    signed long         // lVarName
                              160 ; 50   |#define BOOL    unsigned int        // bVarName
                              161 ; 51   |#define FRACT   _fract              // frVarName
                              162 ; 52   |#define LFRACT  long _fract         // lfrVarName
                              163 ; 53   |#define CIRC    _circ               // cp<type prefix>VarName (see below)
                              164 ; 54   |#define FLOAT   float               // fVarName
                              165 ; 55   |#define DBL     double              // dVarName
                              166 ; 56   |#define ENUM    enum                // eVarName
                              167 ; 57   |#define CMX     _complex            // cmxVarName
                              168 ; 58   |typedef WORD UCS3;                   // 
                              169 ; 59   |
                              170 ; 60   |#define UINT16  unsigned short
                              171 ; 61   |#define UINT8   unsigned char   
                              172 ; 62   |#define UINT32  unsigned long
                              173 ; 63   |#define UINT64  unsigned long   // need to figure out how to do 64 bit values.  Or port ex
                                  isiting code to only use 48 bit
                              174 ; 64   |#define INT64   unsigned long   // need to figure out how to do 64 bit values.  Or port ex
                                  isiting code to only use 48 bit
                              175 ; 65   |#define WCHAR   UINT16
                              176 ; 66   |
                              177 ; 67   |//UINT128 is 16 bytes or 6 words
                              178 ; 68   |typedef struct UINT128_3500 {   
                              179 ; 69   |    int val[6];     
                              180 ; 70   |} UINT128_3500;
                              181 ; 71   |
                              182 ; 72   |#define UINT128   UINT128_3500
                              183 ; 73   |
                              184 ; 74   |// Little endian word packed byte strings:   
                              185 ; 75   |//      _packed BYTE bTextVarName[]="a string";  bText is a packed byte string prefix
                              186 ; 76   |// Convert to big endian words by reordering bytes from high to low using swizzle.
                              187 ; 77   |// Little endian word packed byte strings:   
                              188 ; 78   |//      _packed BYTE bTextVarName[]="a string";  bText is a packed byte string prefix
                              189 ; 79   |// Convert to big endian words by reordering bytes from high to low using swizzle.
                              190 ; 80   |
                              191 ; 81   |// Declare Memory Spaces To Use When Coding
                              192 ; 82   |// A. Sector Buffers
TASKING DSP2410 assembler v1.5r1 Build 138 SN 00100122
                                                                                                                            Page   4

M:ADDR CODE           CYCLES LINE SOURCELINE
                              193 ; 83   |#define SECTOR_BUFFER_MEM_X _X
                              194 ; 84   |#define SECTOR_BUFFER_MEM_Y _Y
                              195 ; 85   |#define SECTOR_BUFFER_MEM SECTOR_BUFFER_MEM_X
                              196 ; 86   |typedef WORD SECTOR_BUFFER_MEM SECTOR_BUFFER;
                              197 
                              199 
                              200 ; 87   |typedef SECTOR_BUFFER * P_SECTOR_BUFFER;
                              201 ; 88   |// B. Media DDI Memory
                              202 ; 89   |#define MEDIA_DDI_MEM _Y
                              203 ; 90   |
                              204 ; 91   |
                              205 ; 92   |
                              206 ; 93   |// Pointers to linear structures are labeled as: p<type prefix>VarName
                              207 ; 94   |// Examples of circular pointers:
                              208 ; 95   |//    INT CIRC cpiVarName
                              209 ; 96   |//    DWORD CIRC cpdwVarName
                              210 ; 97   |
                              211 ; 98   |#define RETCODE INT                 // rcVarName
                              212 ; 99   |
                              213 ; 100  |// generic bitfield structure
                              214 ; 101  |struct Bitfield {
                              215 ; 102  |    unsigned int B0  :1;
                              216 ; 103  |    unsigned int B1  :1;
                              217 ; 104  |    unsigned int B2  :1;
                              218 ; 105  |    unsigned int B3  :1;
                              219 ; 106  |    unsigned int B4  :1;
                              220 ; 107  |    unsigned int B5  :1;
                              221 ; 108  |    unsigned int B6  :1;
                              222 ; 109  |    unsigned int B7  :1;
                              223 ; 110  |    unsigned int B8  :1;
                              224 ; 111  |    unsigned int B9  :1;
                              225 ; 112  |    unsigned int B10 :1;
                              226 ; 113  |    unsigned int B11 :1;
                              227 ; 114  |    unsigned int B12 :1;
                              228 ; 115  |    unsigned int B13 :1;
                              229 ; 116  |    unsigned int B14 :1;
                              230 ; 117  |    unsigned int B15 :1;
                              231 ; 118  |    unsigned int B16 :1;
                              232 ; 119  |    unsigned int B17 :1;
                              233 ; 120  |    unsigned int B18 :1;
                              234 ; 121  |    unsigned int B19 :1;
                              235 ; 122  |    unsigned int B20 :1;
                              236 ; 123  |    unsigned int B21 :1;
                              237 ; 124  |    unsigned int B22 :1;
                              238 ; 125  |    unsigned int B23 :1;
                              239 ; 126  |};
                              240 ; 127  |
                              241 ; 128  |union BitInt {
                              242 ; 129  |        struct Bitfield B;
                              243 ; 130  |        int        I;
                              244 ; 131  |};
                              245 ; 132  |
                              246 ; 133  |#define MAX_MSG_LENGTH 10
                              247 ; 134  |struct CMessage
                              248 ; 135  |{
                              249 ; 136  |        unsigned int m_uLength;
                              250 ; 137  |        unsigned int m_uMsg[MAX_MSG_LENGTH];
                              251 ; 138  |};
                              252 ; 139  |
                              253 ; 140  |typedef struct {
                              254 ; 141  |    WORD m_wLength;
                              255 ; 142  |    WORD m_wMessage;
TASKING DSP2410 assembler v1.5r1 Build 138 SN 00100122
                                                                                                                            Page   5

M:ADDR CODE           CYCLES LINE SOURCELINE
                              256 ; 143  |    WORD m_wParams[MAX_MSG_LENGTH];
                              257 ; 144  |} Message;
                              258 ; 145  |
                              259 ; 146  |struct MessageQueueDescriptor
                              260 ; 147  |{
                              261 ; 148  |        int *m_pBase;
                              262 ; 149  |        int m_iModulo;
                              263 ; 150  |        int m_iSize;
                              264 ; 151  |        int *m_pHead;
                              265 ; 152  |        int *m_pTail;
                              266 ; 153  |};
                              267 ; 154  |
                              268 ; 155  |struct ModuleEntry
                              269 ; 156  |{
                              270 ; 157  |    int m_iSignaledEventMask;
                              271 ; 158  |    int m_iWaitEventMask;
                              272 ; 159  |    int m_iResourceOfCode;
                              273 ; 160  |    struct MessageQueueDescriptor *m_pMessageQueue;
                              274 ; 161  |    int _asmfunc (*m_pProcessEntryPoint)(union WaitMask Signals,struct MessageQueueDescrip
                                  tor *);
                              275 ; 162  |    int _asmfunc (*m_pInitFunction)(struct MessageQueueDescriptor *);
                              276 ; 163  |    int m_uTimeOutHigh;
                              277 ; 164  |    int m_uTimeOutLow;
                              278 ; 165  |    int _asmfunc (*m_pBackgroundFunction)(struct MessageQueueDescriptor *);
                              279 ; 166  |};
                              280 ; 167  |
                              281 ; 168  |union WaitMask{
                              282 ; 169  |    struct B{
                              283 ; 170  |        unsigned int m_bNone     :1;
                              284 ; 171  |        unsigned int m_bMessage  :1;
                              285 ; 172  |        unsigned int m_bTimer    :1;
                              286 ; 173  |        unsigned int m_bButton   :1;
                              287 ; 174  |    } B;
                              288 ; 175  |    int I;
                              289 ; 176  |} ;
                              290 ; 177  |
                              291 ; 178  |
                              292 ; 179  |struct Button {
                              293 ; 180  |        WORD wButtonEvent;
                              294 ; 181  |        WORD wUnused[MAX_MSG_LENGTH];   
                              295 ; 182  |};
                              296 ; 183  |
                              297 ; 184  |struct Message {
                              298 ; 185  |        WORD wMsgLength;
                              299 ; 186  |        WORD wMsgCommand;
                              300 ; 187  |        WORD wMsgParms[MAX_MSG_LENGTH-1];
                              301 ; 188  |};
                              302 ; 189  |
                              303 ; 190  |union EventTypes {
                              304 ; 191  |        struct CMessage msg;
                              305 ; 192  |        struct Button Button ;
                              306 ; 193  |        struct Message Message;
                              307 ; 194  |};
                              308 ; 195  |
                              309 ; 196  |// next 2 used to get updater build to return correct protocol ver in scsi response.
                              310 ; 197  |#define BUILD_TYPE_UPDATER  0x100
                              311 ; 198  |#define BUILD_TYPE_HOSTLINK 0x101
                              312 ; 199  |#define BUILD_TYPE_PLAYER   0x102
                              313 ; 200  |
                              314 ; 201  |// Resets part if RETAIL build. DEBUG build executes debug instruction to halt.
                              315 ; 202  |#define SystemHalt() __asm(" include 'sysmacro.asm' \n error") 
                              316 ; 203  |#define assert(x)    if(!(x)) __asm(" include 'sysmacro.asm' \n error")
TASKING DSP2410 assembler v1.5r1 Build 138 SN 00100122
                                                                                                                            Page   6

M:ADDR CODE           CYCLES LINE SOURCELINE
                              317 ; 204  |
                              318 ; 205  |#if DEBUG
                              319 ; 206  |// For DEBUG builds, DebugBuildAssert(condition) halts if condition evaluates to FALSE. 
                              320 ; 207  |#define DebugBuildAssert(x)    if(!(x)) __asm(" debug ")
                              321 ; 208  |#else 
                              322 ; 209  |// For RETAIL builds, DebugBuildAssert(condition) does nothing & execution continues rathe
                                  r than halt or reset. 
                              323 ; 210  |#define DebugBuildAssert(x)    
                              324 ; 211  |#endif
                              325 ; 212  |
                              326 ; 213  |// Do this in your C files to make a reminder that's displayed during the build.
                              327 ; 214  |//  #pragma asm
                              328 ; 215  |//  WARN 'Note to builder: reminder to do this after verifying that'
                              329 ; 216  |//  #pragma endasm
                              330 ; 217  |
                              331 ; 218  |
                              332 ; 219  |#ifdef COLOR_262K
                              333 ; 220  |#define RGB(r,g,b)    ((0x0000FC & (r)) << 10) | ((0x0000FC & (g)) << 4) | ((0x0000FC & (b
                                  )) >> 2)    //262k
                              334 ; 221  |#elif defined(COLOR_65K)
                              335 ; 222  |#define RGB(r,g,b)    ((0x0000F8 & (r)) << 8) | ((0x0000FC & (g)) << 3) | ((0x0000F8 & (b)
                                  ) >> 3)  //65k
                              336 ; 223  |#else
                              337 ; 224  |#define RGB(r,g,b)       ((0x0000F0 & (r)) << 4) | (0x0000F0 & (g)) | ((0x0000F0 & (b)) >>
                                   4)
                              338 ; 225  |#endif
                              339 ; 226  |    
                              340 ; 227  |#endif // #ifndef _TYPES_H
                              341 
                              343 
                              344 ; 17   |
                              345 ; 18   |////////////////////////////////////////////////////////////////////////////////
                              346 ; 19   |//  External Definitions
                              347 ; 20   |////////////////////////////////////////////////////////////////////////////////
                              348 ; 21   |
                              349 ; 22   |////////////////////////////////////////////////////////////////////////////////
                              350 ; 23   |//  External References
                              351 ; 24   |////////////////////////////////////////////////////////////////////////////////
                              352 ; 25   |
                              353 ; 26   |////////////////////////////////////////////////////////////////////////////////
                              354 ; 27   |//  Equates
                              355 ; 28   |////////////////////////////////////////////////////////////////////////////////
                              356 ; 29   |
                              357 ; 30   |///////////////////////////////////////////////////////////////////////////////
                              358 ; 31   |// Prototypes
                              359 ; 32   |///////////////////////////////////////////////////////////////////////////////
                              360 ; 33   |
                              361 ; 34   |////////////////////////////////////////////////////////////////////////////////
                              362 ; 35   |//  X Memory
                              363 ; 36   |////////////////////////////////////////////////////////////////////////////////
                              364 ; 37   |
                              365 ; 38   |////////////////////////////////////////////////////////////////////////////////
                              366 ; 39   |//  Y Memory
                              367 ; 40   |////////////////////////////////////////////////////////////////////////////////
                              368 ; 41   |
                              369 ; 42   |////////////////////////////////////////////////////////////////////////////////
                              370 ; 43   |//  P Memory
                              371 ; 44   |////////////////////////////////////////////////////////////////////////////////
                              372 ; 45   |
                              373 ; 46   |////////////////////////////////////////////////////////////////////////////////
                              374 ; 47   |//
                              375 ; 48   |//>  Name:          SysMaskAllInterrupts
TASKING DSP2410 assembler v1.5r1 Build 138 SN 00100122
                                                                                                                            Page   7

M:ADDR CODE           CYCLES LINE SOURCELINE
                              376 ; 49   |//
                              377 ; 50   |//   Type:          Function
                              378 ; 51   |//
                              379 ; 52   |//   Description:   
                              380 ; 53   |//
                              381 ; 54   |//   Inputs:        none
                              382 ; 55   |//
                              383 ; 56   |//   Outputs:       WORD            Old interrupt level bits
                              384 ; 57   |//
                              385 ; 58   |//   Notes:         none
                              386 ; 59   |//<
                              387 ; 60   |////////////////////////////////////////////////////////////////////////////////
                              388 ; 61   |WORD _reentrant SysMaskAllInterrupts(void)
                              389 ; 62   |{
                              390 
P:0000                        391         org     p,".ptextsysirq":
                              396 FSysMaskAllInterrupts:
                              397 
                              398 ; 63   |
                              399 ; 64   |    #pragma asm
                              400 
P:0000 200013         2    2  403         clr     a
P:0001 44F41B 000300  3    5  404         clr     b   #>$000300,x0
                              405 
P:0003 044CB9         2    7  406         movec   sr,a1               ; get the old value
                              407 
P:0004 044DB9         2    9  408         movec   sr,b1
P:0005 20004A         2   11  409         or      x0,b
P:0006 04CDB9         2   13  410         movec   b1,sr               ; mask interrupts
                              411 
P:0007 200046         2   15  412         and     x0,a                ; mask off for the return
P:0008 000000         2   17  413         nop
                              414 
                              415 ; 76   |    #pragma endasm
                              416 ; 77   |
                              417 ; 78   |}
                              418 
P:0009 00000C         4   21  420         rts
                              422 
                              423 ; 79   |
                              424 ; 80   |////////////////////////////////////////////////////////////////////////////////
                              425 ; 81   |//
                              426 ; 82   |//>  Name:          SysUnMaskAllInterrupts
                              427 ; 83   |//
                              428 ; 84   |//   Type:          Function
                              429 ; 85   |//
                              430 ; 86   |//   Description:   
                              431 ; 87   |//
                              432 ; 88   |//   Inputs:        WORD            Restore interrupt level bits
                              433 ; 89   |//
                              434 ; 90   |//   Outputs:       none
                              435 ; 91   |//
                              436 ; 92   |//   Notes:         none
                              437 ; 93   |//<
                              438 ; 94   |////////////////////////////////////////////////////////////////////////////////
                              439 ; 95   |void _reentrant SysUnMaskAllInterrupts(WORD wLevel)
                              440 ; 96   |{
                              441 
                              446 FSysUnMaskAllInterrupts:
                              449 
                              450 ; 97   |
                              451 ; 98   |    #pragma asm
TASKING DSP2410 assembler v1.5r1 Build 138 SN 00100122
                                                                                                                            Page   8

M:ADDR CODE           CYCLES LINE SOURCELINE
                              452 
P:000A 44F41B FFFCFF  3   24  455         clr     b   #>$FFFCFF,x0
                              456 
P:000C 044DB9         2   26  457         movec   sr,b1               ; get the current sr
P:000D 20004E         2   28  458         and     x0,b                ; mask off current bits
                              459 
P:000E 21A400         2   30  460         move    b1,x0
P:000F 200042         2   32  461         or      x0,a                ; mask in the restore bits
P:0010 04CCB9         2   34  462         movec   a1,sr               ; make it so
                              463 
P:0011 000000         2   36  464         nop
P:0012 000000         2   38  465         nop
                              466 
                              467 ; 110  |    #pragma endasm
                              468 ; 111  |
                              469 ; 112  |}
                              470 
P:0013 00000C         4   42  472         rts
                              475 
                              476 ; 113  |
                              477 ; 114  |////////////////////////////////////////////////////////////////////////////////
                              478 ; 115  |//
                              479 ; 116  |//>  Name:          SysGetIrqLevel
                              480 ; 117  |//
                              481 ; 118  |//   Type:          Function
                              482 ; 119  |//
                              483 ; 120  |//   Description:   Gets the current system interrupt level
                              484 ; 121  |//
                              485 ; 122  |//   Inputs:        none
                              486 ; 123  |//
                              487 ; 124  |//   Outputs:       WORD            IRQ level
                              488 ; 125  |//
                              489 ; 126  |//   Notes:         Function must move to system for global access
                              490 ; 127  |//<
                              491 ; 128  |////////////////////////////////////////////////////////////////////////////////
                              492 ; 129  |WORD _reentrant SysGetIrqLevel(void)
                              493 ; 130  |{
                              494 
                              499 FSysGetIrqLevel:
                              500 
                              501 ; 131  |
                              502 ; 132  |#pragma asm
                              503 
P:0014 0444B9         2   44  506     movec   SR,x0                       ; get the sr register
P:0015 56F400 000300  3   47  507     move    #>$000300,a                 ; irq mask bits 
P:0017 200046         2   49  508     and     x0,a                        ; mask the bits
P:0018 00000C         4   53  509     rts    
                              510 
                              511 ; 137  |#pragma endasm
                              512 ; 138  |
                              513 ; 139  |}
                              514 
P:0019 00000C         4   57  516         rts
                              518 
                              519 ; 140  |
                              520 ; 141  |////////////////////////////////////////////////////////////////////////////////
                              521 ; 142  |//
                              522 ; 143  |//>  Name:          SysSetIrqLevel
                              523 ; 144  |//
                              524 ; 145  |//   Type:          Function
                              525 ; 146  |//
                              526 ; 147  |//   Description:   Sets the system IRQ level
TASKING DSP2410 assembler v1.5r1 Build 138 SN 00100122
                                                                                                                            Page   9

M:ADDR CODE           CYCLES LINE SOURCELINE
                              527 ; 148  |//
                              528 ; 149  |//   Inputs:        wIrqLevel       IRQ level
                              529 ; 150  |//
                              530 ; 151  |//   Outputs:       RETCODE
                              531 ; 152  |//
                              532 ; 153  |//   Notes:         Function must move to system for global access
                              533 ; 154  |//<
                              534 ; 155  |////////////////////////////////////////////////////////////////////////////////
                              535 ; 156  |RETCODE _reentrant SysSetIrqLevel(WORD wIrqLevel)
                              536 ; 157  |{
                              537 
                              542 FSysSetIrqLevel:
                              545 
                              546 ; 158  |
                              547 ; 159  |#pragma asm
                              548 
P:001A 0444B9         2   59  551     movec   SR,x0                       ; get the sr register
P:001B 57F400 FFFCFF  3   62  552     move    #>$FFFCFF,b                 ; irq clear bits 
P:001D 20004E         2   64  553     and     x0,b                        ; clear the bits
P:001E 21A400         2   66  554     move    b1,x0
P:001F 200042         2   68  555     or      x0,a                        ; get the new level
P:0020 04CCB9         2   70  556     movec   a1,sr                       ; update the SR with the new level
P:0021 000000         2   72  557     nop
                              558 
                              559 ; 167  |#pragma endasm
                              560 ; 168  |
                              561 ; 169  |    return(SUCCESS);
                              562 
P:0022 200013         2   74  564         clr     a   
                              566 
                              567 ; 170  |}
                              568 
P:0023 00000C         4   78  570         rts
                              573 
                              574         global  FSysGetIrqLevel, FSysMaskAllInterrupts, FSysSetIrqLevel
                              575         global  FSysUnMaskAllInterrupts
                              576 
